{"C:\\Users\\juanc\\OneDrive\\Documentos\\Ing Soft 2\\Proyecto_Ingesoft2\\src\\components\\ListaCDT.jsx": {"path":"C:\\Users\\juanc\\OneDrive\\Documentos\\Ing Soft 2\\Proyecto_Ingesoft2\\src\\components\\ListaCDT.jsx","statementMap":{"0":{"start":{"line":7,"column":24},"end":{"line":194,"column":1}},"1":{"start":{"line":8,"column":19},"end":{"line":8,"column":32}},"2":{"start":{"line":9,"column":19},"end":{"line":9,"column":32}},"3":{"start":{"line":10,"column":34},"end":{"line":10,"column":59}},"4":{"start":{"line":10,"column":53},"end":{"line":10,"column":58}},"5":{"start":{"line":11,"column":18},"end":{"line":11,"column":44}},"6":{"start":{"line":11,"column":37},"end":{"line":11,"column":43}},"7":{"start":{"line":12,"column":38},"end":{"line":12,"column":50}},"8":{"start":{"line":13,"column":30},"end":{"line":13,"column":47}},"9":{"start":{"line":15,"column":18},"end":{"line":15,"column":94}},"10":{"start":{"line":17,"column":2},"end":{"line":19,"column":22}},"11":{"start":{"line":18,"column":4},"end":{"line":18,"column":49}},"12":{"start":{"line":18,"column":13},"end":{"line":18,"column":49}},"13":{"start":{"line":21,"column":20},"end":{"line":26,"column":21}},"14":{"start":{"line":22,"column":4},"end":{"line":26,"column":21}},"15":{"start":{"line":28,"column":22},"end":{"line":39,"column":3}},"16":{"start":{"line":29,"column":4},"end":{"line":29,"column":23}},"17":{"start":{"line":29,"column":12},"end":{"line":29,"column":23}},"18":{"start":{"line":30,"column":4},"end":{"line":38,"column":5}},"19":{"start":{"line":31,"column":16},"end":{"line":31,"column":74}},"20":{"start":{"line":32,"column":6},"end":{"line":35,"column":9}},"21":{"start":{"line":37,"column":6},"end":{"line":37,"column":17}},"22":{"start":{"line":41,"column":20},"end":{"line":48,"column":19}},"23":{"start":{"line":42,"column":5},"end":{"line":48,"column":18}},"24":{"start":{"line":51,"column":23},"end":{"line":54,"column":3}},"25":{"start":{"line":52,"column":4},"end":{"line":52,"column":57}},"26":{"start":{"line":53,"column":4},"end":{"line":53,"column":36}},"27":{"start":{"line":56,"column":19},"end":{"line":59,"column":3}},"28":{"start":{"line":57,"column":4},"end":{"line":57,"column":48}},"29":{"start":{"line":58,"column":4},"end":{"line":58,"column":32}},"30":{"start":{"line":61,"column":21},"end":{"line":66,"column":3}},"31":{"start":{"line":62,"column":4},"end":{"line":65,"column":5}},"32":{"start":{"line":63,"column":16},"end":{"line":63,"column":56}},"33":{"start":{"line":64,"column":6},"end":{"line":64,"column":55}},"34":{"start":{"line":64,"column":22},"end":{"line":64,"column":55}},"35":{"start":{"line":68,"column":18},"end":{"line":75,"column":5}},"36":{"start":{"line":69,"column":20},"end":{"line":69,"column":67}},"37":{"start":{"line":71,"column":6},"end":{"line":74,"column":43}},"38":{"start":{"line":77,"column":2},"end":{"line":193,"column":4}},"39":{"start":{"line":84,"column":27},"end":{"line":84,"column":56}},"40":{"start":{"line":89,"column":27},"end":{"line":89,"column":52}},"41":{"start":{"line":93,"column":12},"end":{"line":95,"column":21}},"42":{"start":{"line":122,"column":16},"end":{"line":186,"column":21}},"43":{"start":{"line":136,"column":39},"end":{"line":136,"column":57}},"44":{"start":{"line":153,"column":41},"end":{"line":153,"column":52}},"45":{"start":{"line":170,"column":41},"end":{"line":170,"column":57}}},"fnMap":{"0":{"name":"(anonymous_0)","decl":{"start":{"line":7,"column":24},"end":{"line":7,"column":25}},"loc":{"start":{"line":7,"column":30},"end":{"line":194,"column":1}},"line":7},"1":{"name":"(anonymous_1)","decl":{"start":{"line":10,"column":46},"end":{"line":10,"column":47}},"loc":{"start":{"line":10,"column":53},"end":{"line":10,"column":58}},"line":10},"2":{"name":"(anonymous_2)","decl":{"start":{"line":11,"column":30},"end":{"line":11,"column":31}},"loc":{"start":{"line":11,"column":37},"end":{"line":11,"column":43}},"line":11},"3":{"name":"(anonymous_3)","decl":{"start":{"line":17,"column":12},"end":{"line":17,"column":13}},"loc":{"start":{"line":17,"column":18},"end":{"line":19,"column":3}},"line":17},"4":{"name":"(anonymous_4)","decl":{"start":{"line":21,"column":20},"end":{"line":21,"column":21}},"loc":{"start":{"line":22,"column":4},"end":{"line":26,"column":21}},"line":22},"5":{"name":"(anonymous_5)","decl":{"start":{"line":28,"column":22},"end":{"line":28,"column":23}},"loc":{"start":{"line":28,"column":29},"end":{"line":39,"column":3}},"line":28},"6":{"name":"(anonymous_6)","decl":{"start":{"line":41,"column":20},"end":{"line":41,"column":21}},"loc":{"start":{"line":42,"column":5},"end":{"line":48,"column":18}},"line":42},"7":{"name":"(anonymous_7)","decl":{"start":{"line":51,"column":23},"end":{"line":51,"column":24}},"loc":{"start":{"line":51,"column":40},"end":{"line":54,"column":3}},"line":51},"8":{"name":"(anonymous_8)","decl":{"start":{"line":56,"column":19},"end":{"line":56,"column":20}},"loc":{"start":{"line":56,"column":26},"end":{"line":59,"column":3}},"line":56},"9":{"name":"(anonymous_9)","decl":{"start":{"line":61,"column":21},"end":{"line":61,"column":22}},"loc":{"start":{"line":61,"column":35},"end":{"line":66,"column":3}},"line":61},"10":{"name":"(anonymous_10)","decl":{"start":{"line":69,"column":12},"end":{"line":69,"column":13}},"loc":{"start":{"line":69,"column":20},"end":{"line":69,"column":67}},"line":69},"11":{"name":"(anonymous_11)","decl":{"start":{"line":70,"column":12},"end":{"line":70,"column":13}},"loc":{"start":{"line":71,"column":6},"end":{"line":74,"column":43}},"line":71},"12":{"name":"(anonymous_12)","decl":{"start":{"line":84,"column":20},"end":{"line":84,"column":21}},"loc":{"start":{"line":84,"column":27},"end":{"line":84,"column":56}},"line":84},"13":{"name":"(anonymous_13)","decl":{"start":{"line":89,"column":20},"end":{"line":89,"column":21}},"loc":{"start":{"line":89,"column":27},"end":{"line":89,"column":52}},"line":89},"14":{"name":"(anonymous_14)","decl":{"start":{"line":92,"column":23},"end":{"line":92,"column":24}},"loc":{"start":{"line":93,"column":12},"end":{"line":95,"column":21}},"line":93},"15":{"name":"(anonymous_15)","decl":{"start":{"line":121,"column":27},"end":{"line":121,"column":28}},"loc":{"start":{"line":122,"column":16},"end":{"line":186,"column":21}},"line":122},"16":{"name":"(anonymous_16)","decl":{"start":{"line":136,"column":33},"end":{"line":136,"column":34}},"loc":{"start":{"line":136,"column":39},"end":{"line":136,"column":57}},"line":136},"17":{"name":"(anonymous_17)","decl":{"start":{"line":153,"column":35},"end":{"line":153,"column":36}},"loc":{"start":{"line":153,"column":41},"end":{"line":153,"column":52}},"line":153},"18":{"name":"(anonymous_18)","decl":{"start":{"line":170,"column":35},"end":{"line":170,"column":36}},"loc":{"start":{"line":170,"column":41},"end":{"line":170,"column":57}},"line":170}},"branchMap":{"0":{"loc":{"start":{"line":18,"column":4},"end":{"line":18,"column":49}},"type":"if","locations":[{"start":{"line":18,"column":4},"end":{"line":18,"column":49}},{"start":{},"end":{}}],"line":18},"1":{"loc":{"start":{"line":26,"column":14},"end":{"line":26,"column":20}},"type":"binary-expr","locations":[{"start":{"line":26,"column":14},"end":{"line":26,"column":15}},{"start":{"line":26,"column":19},"end":{"line":26,"column":20}}],"line":26},"2":{"loc":{"start":{"line":29,"column":4},"end":{"line":29,"column":23}},"type":"if","locations":[{"start":{"line":29,"column":4},"end":{"line":29,"column":23}},{"start":{},"end":{}}],"line":29},"3":{"loc":{"start":{"line":31,"column":16},"end":{"line":31,"column":74}},"type":"cond-expr","locations":[{"start":{"line":31,"column":50},"end":{"line":31,"column":60}},{"start":{"line":31,"column":63},"end":{"line":31,"column":74}}],"line":31},"4":{"loc":{"start":{"line":42,"column":5},"end":{"line":48,"column":18}},"type":"binary-expr","locations":[{"start":{"line":42,"column":5},"end":{"line":48,"column":8}},{"start":{"line":48,"column":12},"end":{"line":48,"column":18}}],"line":42},"5":{"loc":{"start":{"line":62,"column":4},"end":{"line":65,"column":5}},"type":"if","locations":[{"start":{"line":62,"column":4},"end":{"line":65,"column":5}},{"start":{},"end":{}}],"line":62},"6":{"loc":{"start":{"line":64,"column":6},"end":{"line":64,"column":55}},"type":"if","locations":[{"start":{"line":64,"column":6},"end":{"line":64,"column":55}},{"start":{},"end":{}}],"line":64},"7":{"loc":{"start":{"line":68,"column":19},"end":{"line":68,"column":36}},"type":"binary-expr","locations":[{"start":{"line":68,"column":19},"end":{"line":68,"column":30}},{"start":{"line":68,"column":34},"end":{"line":68,"column":36}}],"line":68},"8":{"loc":{"start":{"line":69,"column":20},"end":{"line":69,"column":67}},"type":"cond-expr","locations":[{"start":{"line":69,"column":41},"end":{"line":69,"column":45}},{"start":{"line":69,"column":48},"end":{"line":69,"column":67}}],"line":69},"9":{"loc":{"start":{"line":100,"column":7},"end":{"line":100,"column":61}},"type":"binary-expr","locations":[{"start":{"line":100,"column":7},"end":{"line":100,"column":27}},{"start":{"line":100,"column":31},"end":{"line":100,"column":61}}],"line":100},"10":{"loc":{"start":{"line":101,"column":7},"end":{"line":105,"column":7}},"type":"binary-expr","locations":[{"start":{"line":101,"column":7},"end":{"line":101,"column":27}},{"start":{"line":101,"column":31},"end":{"line":101,"column":51}},{"start":{"line":102,"column":8},"end":{"line":104,"column":12}}],"line":101},"11":{"loc":{"start":{"line":107,"column":7},"end":{"line":191,"column":7}},"type":"binary-expr","locations":[{"start":{"line":107,"column":7},"end":{"line":107,"column":25}},{"start":{"line":108,"column":8},"end":{"line":190,"column":14}}],"line":107},"12":{"loc":{"start":{"line":125,"column":21},"end":{"line":125,"column":74}},"type":"cond-expr","locations":[{"start":{"line":125,"column":36},"end":{"line":125,"column":54}},{"start":{"line":125,"column":57},"end":{"line":125,"column":74}}],"line":125},"13":{"loc":{"start":{"line":127,"column":52},"end":{"line":127,"column":70}},"type":"binary-expr","locations":[{"start":{"line":127,"column":52},"end":{"line":127,"column":65}},{"start":{"line":127,"column":69},"end":{"line":127,"column":70}}],"line":127},"14":{"loc":{"start":{"line":151,"column":23},"end":{"line":166,"column":23}},"type":"binary-expr","locations":[{"start":{"line":151,"column":24},"end":{"line":151,"column":47}},{"start":{"line":151,"column":51},"end":{"line":151,"column":79}},{"start":{"line":152,"column":24},"end":{"line":165,"column":33}}],"line":151},"15":{"loc":{"start":{"line":168,"column":23},"end":{"line":183,"column":23}},"type":"binary-expr","locations":[{"start":{"line":168,"column":23},"end":{"line":168,"column":46}},{"start":{"line":169,"column":24},"end":{"line":182,"column":33}}],"line":168}},"s":{"0":1,"1":7,"2":7,"3":7,"4":7,"5":7,"6":7,"7":7,"8":7,"9":7,"10":7,"11":5,"12":5,"13":7,"14":10,"15":7,"16":10,"17":5,"18":5,"19":5,"20":5,"21":0,"22":7,"23":10,"24":7,"25":1,"26":1,"27":7,"28":1,"29":1,"30":7,"31":1,"32":1,"33":1,"34":1,"35":7,"36":12,"37":11,"38":7,"39":1,"40":1,"41":42,"42":10,"43":1,"44":1,"45":1},"f":{"0":7,"1":7,"2":7,"3":5,"4":10,"5":10,"6":10,"7":1,"8":1,"9":1,"10":12,"11":11,"12":1,"13":1,"14":42,"15":10,"16":1,"17":1,"18":1},"b":{"0":[5,0],"1":[10,0],"2":[5,5],"3":[0,5],"4":[10,0],"5":[1,0],"6":[1,0],"7":[7,0],"8":[10,2],"9":[7,0],"10":[7,1,1],"11":[7,6],"12":[5,5],"13":[10,0],"14":[10,5,5],"15":[10,5]},"_coverageSchema":"1a1c01bbd47fc00a2c39e90264f33305004495a9","hash":"66528b3ee1a30642b783a59d2dde085b1591fa1d"}
,"C:\\Users\\juanc\\OneDrive\\Documentos\\Ing Soft 2\\Proyecto_Ingesoft2\\src\\firebase\\config.js": {"path":"C:\\Users\\juanc\\OneDrive\\Documentos\\Ing Soft 2\\Proyecto_Ingesoft2\\src\\firebase\\config.js","statementMap":{"0":{"start":{"line":6,"column":23},"end":{"line":14,"column":1}},"1":{"start":{"line":16,"column":12},"end":{"line":16,"column":41}},"2":{"start":{"line":18,"column":13},"end":{"line":18,"column":22}},"3":{"start":{"line":19,"column":11},"end":{"line":19,"column":28}}},"fnMap":{},"branchMap":{},"s":{"0":1,"1":1,"2":1,"3":1},"f":{},"b":{},"_coverageSchema":"1a1c01bbd47fc00a2c39e90264f33305004495a9","hash":"2e0a8c849dbcd6d8a9668a89e73dcf35df4e9237"}
,"C:\\Users\\juanc\\OneDrive\\Documentos\\Ing Soft 2\\Proyecto_Ingesoft2\\src\\store\\slices\\cdtSlice.ts": {"path":"C:\\Users\\juanc\\OneDrive\\Documentos\\Ing Soft 2\\Proyecto_Ingesoft2\\src\\store\\slices\\cdtSlice.ts","statementMap":{"0":{"start":{"line":25,"column":31},"end":{"line":31,"column":1}},"1":{"start":{"line":33,"column":24},"end":{"line":91,"column":2}},"2":{"start":{"line":38,"column":6},"end":{"line":38,"column":41}},"3":{"start":{"line":39,"column":6},"end":{"line":39,"column":33}},"4":{"start":{"line":40,"column":6},"end":{"line":40,"column":25}},"5":{"start":{"line":43,"column":6},"end":{"line":43,"column":48}},"6":{"start":{"line":44,"column":6},"end":{"line":44,"column":33}},"7":{"start":{"line":45,"column":6},"end":{"line":45,"column":25}},"8":{"start":{"line":48,"column":20},"end":{"line":50,"column":7}},"9":{"start":{"line":49,"column":17},"end":{"line":49,"column":45}},"10":{"start":{"line":51,"column":6},"end":{"line":56,"column":7}},"11":{"start":{"line":52,"column":8},"end":{"line":55,"column":10}},"12":{"start":{"line":57,"column":6},"end":{"line":57,"column":33}},"13":{"start":{"line":58,"column":6},"end":{"line":58,"column":25}},"14":{"start":{"line":61,"column":6},"end":{"line":63,"column":8}},"15":{"start":{"line":62,"column":17},"end":{"line":62,"column":42}},"16":{"start":{"line":64,"column":6},"end":{"line":64,"column":33}},"17":{"start":{"line":65,"column":6},"end":{"line":65,"column":25}},"18":{"start":{"line":68,"column":6},"end":{"line":68,"column":45}},"19":{"start":{"line":71,"column":6},"end":{"line":71,"column":35}},"20":{"start":{"line":74,"column":6},"end":{"line":74,"column":42}},"21":{"start":{"line":77,"column":6},"end":{"line":77,"column":30}},"22":{"start":{"line":78,"column":6},"end":{"line":78,"column":35}},"23":{"start":{"line":81,"column":6},"end":{"line":81,"column":25}},"24":{"start":{"line":84,"column":6},"end":{"line":84,"column":29}},"25":{"start":{"line":85,"column":6},"end":{"line":85,"column":35}},"26":{"start":{"line":86,"column":6},"end":{"line":86,"column":28}},"27":{"start":{"line":87,"column":6},"end":{"line":87,"column":25}},"28":{"start":{"line":88,"column":6},"end":{"line":88,"column":35}},"29":{"start":{"line":104,"column":4},"end":{"line":104,"column":20}}},"fnMap":{"0":{"name":"(anonymous_0)","decl":{"start":{"line":37,"column":20},"end":{"line":37,"column":21}},"loc":{"start":{"line":37,"column":70},"end":{"line":41,"column":5}},"line":37},"1":{"name":"(anonymous_1)","decl":{"start":{"line":42,"column":18},"end":{"line":42,"column":19}},"loc":{"start":{"line":42,"column":66},"end":{"line":46,"column":5}},"line":42},"2":{"name":"(anonymous_2)","decl":{"start":{"line":47,"column":21},"end":{"line":47,"column":22}},"loc":{"start":{"line":47,"column":60},"end":{"line":59,"column":5}},"line":47},"3":{"name":"(anonymous_3)","decl":{"start":{"line":49,"column":8},"end":{"line":49,"column":9}},"loc":{"start":{"line":49,"column":17},"end":{"line":49,"column":45}},"line":49},"4":{"name":"(anonymous_4)","decl":{"start":{"line":60,"column":21},"end":{"line":60,"column":22}},"loc":{"start":{"line":60,"column":63},"end":{"line":66,"column":5}},"line":60},"5":{"name":"(anonymous_5)","decl":{"start":{"line":62,"column":8},"end":{"line":62,"column":9}},"loc":{"start":{"line":62,"column":17},"end":{"line":62,"column":42}},"line":62},"6":{"name":"(anonymous_6)","decl":{"start":{"line":67,"column":24},"end":{"line":67,"column":25}},"loc":{"start":{"line":67,"column":79},"end":{"line":69,"column":5}},"line":67},"7":{"name":"(anonymous_7)","decl":{"start":{"line":70,"column":26},"end":{"line":70,"column":27}},"loc":{"start":{"line":70,"column":37},"end":{"line":72,"column":5}},"line":70},"8":{"name":"(anonymous_8)","decl":{"start":{"line":73,"column":21},"end":{"line":73,"column":22}},"loc":{"start":{"line":73,"column":63},"end":{"line":75,"column":5}},"line":73},"9":{"name":"(anonymous_9)","decl":{"start":{"line":76,"column":14},"end":{"line":76,"column":15}},"loc":{"start":{"line":76,"column":56},"end":{"line":79,"column":5}},"line":76},"10":{"name":"(anonymous_10)","decl":{"start":{"line":80,"column":16},"end":{"line":80,"column":17}},"loc":{"start":{"line":80,"column":27},"end":{"line":82,"column":5}},"line":80},"11":{"name":"(anonymous_11)","decl":{"start":{"line":83,"column":19},"end":{"line":83,"column":20}},"loc":{"start":{"line":83,"column":30},"end":{"line":89,"column":5}},"line":83}},"branchMap":{"0":{"loc":{"start":{"line":51,"column":6},"end":{"line":56,"column":7}},"type":"if","locations":[{"start":{"line":51,"column":6},"end":{"line":56,"column":7}},{"start":{},"end":{}}],"line":51}},"s":{"0":2,"1":2,"2":0,"3":0,"4":0,"5":0,"6":0,"7":0,"8":0,"9":0,"10":0,"11":0,"12":0,"13":0,"14":0,"15":0,"16":0,"17":0,"18":0,"19":0,"20":0,"21":0,"22":0,"23":0,"24":0,"25":0,"26":0,"27":0,"28":0,"29":2},"f":{"0":0,"1":0,"2":0,"3":0,"4":0,"5":0,"6":0,"7":0,"8":0,"9":0,"10":0,"11":0},"b":{"0":[0,0]},"_coverageSchema":"1a1c01bbd47fc00a2c39e90264f33305004495a9","hash":"c9e1275b47540a8ed01d4490a5cbadad9a2314bf"}
,"C:\\Users\\juanc\\OneDrive\\Documentos\\Ing Soft 2\\Proyecto_Ingesoft2\\src\\store\\thunks\\cdtThunk.jsx": {"path":"C:\\Users\\juanc\\OneDrive\\Documentos\\Ing Soft 2\\Proyecto_Ingesoft2\\src\\store\\thunks\\cdtThunk.jsx","statementMap":{"0":{"start":{"line":12,"column":33},"end":{"line":93,"column":1}},"1":{"start":{"line":13,"column":2},"end":{"line":92,"column":4}},"2":{"start":{"line":14,"column":4},"end":{"line":91,"column":5}},"3":{"start":{"line":15,"column":23},"end":{"line":15,"column":33}},"4":{"start":{"line":16,"column":42},"end":{"line":16,"column":46}},"5":{"start":{"line":18,"column":6},"end":{"line":20,"column":7}},"6":{"start":{"line":19,"column":8},"end":{"line":19,"column":50}},"7":{"start":{"line":22,"column":6},"end":{"line":22,"column":66}},"8":{"start":{"line":24,"column":31},"end":{"line":28,"column":9}},"9":{"start":{"line":30,"column":6},"end":{"line":32,"column":7}},"10":{"start":{"line":31,"column":8},"end":{"line":31,"column":88}},"11":{"start":{"line":34,"column":6},"end":{"line":34,"column":53}},"12":{"start":{"line":36,"column":29},"end":{"line":36,"column":78}},"13":{"start":{"line":39,"column":20},"end":{"line":39,"column":52}},"14":{"start":{"line":40,"column":26},"end":{"line":40,"column":64}},"15":{"start":{"line":41,"column":20},"end":{"line":41,"column":52}},"16":{"start":{"line":43,"column":6},"end":{"line":43,"column":74}},"17":{"start":{"line":45,"column":19},"end":{"line":45,"column":36}},"18":{"start":{"line":46,"column":26},"end":{"line":46,"column":36}},"19":{"start":{"line":47,"column":30},"end":{"line":47,"column":68}},"20":{"start":{"line":48,"column":33},"end":{"line":48,"column":68}},"21":{"start":{"line":50,"column":6},"end":{"line":50,"column":84}},"22":{"start":{"line":53,"column":29},"end":{"line":64,"column":7}},"23":{"start":{"line":66,"column":6},"end":{"line":66,"column":71}},"24":{"start":{"line":68,"column":21},"end":{"line":68,"column":65}},"25":{"start":{"line":70,"column":6},"end":{"line":70,"column":69}},"26":{"start":{"line":72,"column":6},"end":{"line":84,"column":10}},"27":{"start":{"line":86,"column":6},"end":{"line":86,"column":81}},"28":{"start":{"line":88,"column":6},"end":{"line":88,"column":60}},"29":{"start":{"line":89,"column":6},"end":{"line":89,"column":73}},"30":{"start":{"line":90,"column":6},"end":{"line":90,"column":54}},"31":{"start":{"line":95,"column":38},"end":{"line":151,"column":1}},"32":{"start":{"line":96,"column":2},"end":{"line":150,"column":4}},"33":{"start":{"line":97,"column":4},"end":{"line":149,"column":5}},"34":{"start":{"line":98,"column":23},"end":{"line":98,"column":33}},"35":{"start":{"line":99,"column":22},"end":{"line":99,"column":26}},"36":{"start":{"line":101,"column":6},"end":{"line":103,"column":7}},"37":{"start":{"line":102,"column":8},"end":{"line":102,"column":50}},"38":{"start":{"line":105,"column":27},"end":{"line":105,"column":82}},"39":{"start":{"line":108,"column":20},"end":{"line":108,"column":56}},"40":{"start":{"line":109,"column":26},"end":{"line":109,"column":68}},"41":{"start":{"line":110,"column":20},"end":{"line":110,"column":56}},"42":{"start":{"line":112,"column":19},"end":{"line":112,"column":36}},"43":{"start":{"line":113,"column":26},"end":{"line":113,"column":36}},"44":{"start":{"line":114,"column":30},"end":{"line":114,"column":68}},"45":{"start":{"line":115,"column":33},"end":{"line":115,"column":68}},"46":{"start":{"line":117,"column":6},"end":{"line":117,"column":107}},"47":{"start":{"line":119,"column":32},"end":{"line":127,"column":7}},"48":{"start":{"line":129,"column":6},"end":{"line":129,"column":55}},"49":{"start":{"line":131,"column":6},"end":{"line":131,"column":62}},"50":{"start":{"line":133,"column":6},"end":{"line":142,"column":10}},"51":{"start":{"line":144,"column":6},"end":{"line":144,"column":31}},"52":{"start":{"line":146,"column":6},"end":{"line":146,"column":65}},"53":{"start":{"line":147,"column":6},"end":{"line":147,"column":78}},"54":{"start":{"line":148,"column":6},"end":{"line":148,"column":54}},"55":{"start":{"line":153,"column":36},"end":{"line":175,"column":1}},"56":{"start":{"line":154,"column":2},"end":{"line":174,"column":4}},"57":{"start":{"line":155,"column":4},"end":{"line":173,"column":5}},"58":{"start":{"line":156,"column":23},"end":{"line":156,"column":33}},"59":{"start":{"line":157,"column":22},"end":{"line":157,"column":26}},"60":{"start":{"line":159,"column":6},"end":{"line":161,"column":7}},"61":{"start":{"line":160,"column":8},"end":{"line":160,"column":50}},"62":{"start":{"line":163,"column":27},"end":{"line":163,"column":82}},"63":{"start":{"line":164,"column":6},"end":{"line":164,"column":36}},"64":{"start":{"line":166,"column":6},"end":{"line":166,"column":45}},"65":{"start":{"line":168,"column":6},"end":{"line":168,"column":31}},"66":{"start":{"line":170,"column":6},"end":{"line":170,"column":63}},"67":{"start":{"line":171,"column":6},"end":{"line":171,"column":76}},"68":{"start":{"line":172,"column":6},"end":{"line":172,"column":54}},"69":{"start":{"line":177,"column":36},"end":{"line":209,"column":1}},"70":{"start":{"line":178,"column":2},"end":{"line":208,"column":4}},"71":{"start":{"line":179,"column":4},"end":{"line":207,"column":5}},"72":{"start":{"line":180,"column":6},"end":{"line":182,"column":7}},"73":{"start":{"line":181,"column":8},"end":{"line":181,"column":47}},"74":{"start":{"line":184,"column":29},"end":{"line":184,"column":81}},"75":{"start":{"line":185,"column":28},"end":{"line":185,"column":57}},"76":{"start":{"line":187,"column":26},"end":{"line":187,"column":28}},"77":{"start":{"line":189,"column":6},"end":{"line":198,"column":9}},"78":{"start":{"line":190,"column":21},"end":{"line":190,"column":31}},"79":{"start":{"line":191,"column":8},"end":{"line":197,"column":11}},"80":{"start":{"line":200,"column":6},"end":{"line":200,"column":44}},"81":{"start":{"line":202,"column":6},"end":{"line":202,"column":44}},"82":{"start":{"line":204,"column":6},"end":{"line":204,"column":63}},"83":{"start":{"line":205,"column":6},"end":{"line":205,"column":77}},"84":{"start":{"line":206,"column":6},"end":{"line":206,"column":54}},"85":{"start":{"line":211,"column":41},"end":{"line":248,"column":1}},"86":{"start":{"line":212,"column":2},"end":{"line":247,"column":4}},"87":{"start":{"line":213,"column":4},"end":{"line":246,"column":5}},"88":{"start":{"line":214,"column":26},"end":{"line":214,"column":52}},"89":{"start":{"line":215,"column":31},"end":{"line":215,"column":57}},"90":{"start":{"line":217,"column":26},"end":{"line":217,"column":28}},"91":{"start":{"line":219,"column":6},"end":{"line":237,"column":7}},"92":{"start":{"line":220,"column":23},"end":{"line":220,"column":36}},"93":{"start":{"line":221,"column":28},"end":{"line":221,"column":45}},"94":{"start":{"line":223,"column":31},"end":{"line":223,"column":83}},"95":{"start":{"line":224,"column":36},"end":{"line":224,"column":65}},"96":{"start":{"line":226,"column":8},"end":{"line":236,"column":11}},"97":{"start":{"line":227,"column":23},"end":{"line":227,"column":42}},"98":{"start":{"line":228,"column":10},"end":{"line":235,"column":13}},"99":{"start":{"line":239,"column":6},"end":{"line":239,"column":44}},"100":{"start":{"line":241,"column":6},"end":{"line":241,"column":44}},"101":{"start":{"line":243,"column":6},"end":{"line":243,"column":73}},"102":{"start":{"line":244,"column":6},"end":{"line":244,"column":77}},"103":{"start":{"line":245,"column":6},"end":{"line":245,"column":54}}},"fnMap":{"0":{"name":"(anonymous_0)","decl":{"start":{"line":12,"column":33},"end":{"line":12,"column":34}},"loc":{"start":{"line":12,"column":52},"end":{"line":93,"column":1}},"line":12},"1":{"name":"(anonymous_1)","decl":{"start":{"line":13,"column":9},"end":{"line":13,"column":10}},"loc":{"start":{"line":13,"column":39},"end":{"line":92,"column":3}},"line":13},"2":{"name":"(anonymous_2)","decl":{"start":{"line":95,"column":38},"end":{"line":95,"column":39}},"loc":{"start":{"line":95,"column":74},"end":{"line":151,"column":1}},"line":95},"3":{"name":"(anonymous_3)","decl":{"start":{"line":96,"column":9},"end":{"line":96,"column":10}},"loc":{"start":{"line":96,"column":39},"end":{"line":150,"column":3}},"line":96},"4":{"name":"(anonymous_4)","decl":{"start":{"line":153,"column":36},"end":{"line":153,"column":37}},"loc":{"start":{"line":153,"column":53},"end":{"line":175,"column":1}},"line":153},"5":{"name":"(anonymous_5)","decl":{"start":{"line":154,"column":9},"end":{"line":154,"column":10}},"loc":{"start":{"line":154,"column":39},"end":{"line":174,"column":3}},"line":154},"6":{"name":"(anonymous_6)","decl":{"start":{"line":177,"column":36},"end":{"line":177,"column":37}},"loc":{"start":{"line":177,"column":48},"end":{"line":209,"column":1}},"line":177},"7":{"name":"(anonymous_7)","decl":{"start":{"line":178,"column":9},"end":{"line":178,"column":10}},"loc":{"start":{"line":178,"column":29},"end":{"line":208,"column":3}},"line":178},"8":{"name":"(anonymous_8)","decl":{"start":{"line":189,"column":28},"end":{"line":189,"column":29}},"loc":{"start":{"line":189,"column":37},"end":{"line":198,"column":7}},"line":189},"9":{"name":"(anonymous_9)","decl":{"start":{"line":211,"column":41},"end":{"line":211,"column":42}},"loc":{"start":{"line":211,"column":47},"end":{"line":248,"column":1}},"line":211},"10":{"name":"(anonymous_10)","decl":{"start":{"line":212,"column":9},"end":{"line":212,"column":10}},"loc":{"start":{"line":212,"column":29},"end":{"line":247,"column":3}},"line":212},"11":{"name":"(anonymous_11)","decl":{"start":{"line":226,"column":36},"end":{"line":226,"column":37}},"loc":{"start":{"line":226,"column":54},"end":{"line":236,"column":9}},"line":226}},"branchMap":{"0":{"loc":{"start":{"line":18,"column":6},"end":{"line":20,"column":7}},"type":"if","locations":[{"start":{"line":18,"column":6},"end":{"line":20,"column":7}},{"start":{},"end":{}}],"line":18},"1":{"loc":{"start":{"line":30,"column":6},"end":{"line":32,"column":7}},"type":"if","locations":[{"start":{"line":30,"column":6},"end":{"line":32,"column":7}},{"start":{},"end":{}}],"line":30},"2":{"loc":{"start":{"line":39,"column":27},"end":{"line":39,"column":51}},"type":"binary-expr","locations":[{"start":{"line":39,"column":27},"end":{"line":39,"column":46}},{"start":{"line":39,"column":50},"end":{"line":39,"column":51}}],"line":39},"3":{"loc":{"start":{"line":40,"column":33},"end":{"line":40,"column":63}},"type":"binary-expr","locations":[{"start":{"line":40,"column":33},"end":{"line":40,"column":58}},{"start":{"line":40,"column":62},"end":{"line":40,"column":63}}],"line":40},"4":{"loc":{"start":{"line":41,"column":27},"end":{"line":41,"column":51}},"type":"binary-expr","locations":[{"start":{"line":41,"column":27},"end":{"line":41,"column":46}},{"start":{"line":41,"column":50},"end":{"line":41,"column":51}}],"line":41},"5":{"loc":{"start":{"line":57,"column":16},"end":{"line":57,"column":50}},"type":"binary-expr","locations":[{"start":{"line":57,"column":16},"end":{"line":57,"column":36}},{"start":{"line":57,"column":40},"end":{"line":57,"column":50}}],"line":57},"6":{"loc":{"start":{"line":75,"column":21},"end":{"line":75,"column":45}},"type":"binary-expr","locations":[{"start":{"line":75,"column":21},"end":{"line":75,"column":32}},{"start":{"line":75,"column":36},"end":{"line":75,"column":45}}],"line":75},"7":{"loc":{"start":{"line":79,"column":16},"end":{"line":79,"column":50}},"type":"binary-expr","locations":[{"start":{"line":79,"column":16},"end":{"line":79,"column":36}},{"start":{"line":79,"column":40},"end":{"line":79,"column":50}}],"line":79},"8":{"loc":{"start":{"line":89,"column":24},"end":{"line":89,"column":70}},"type":"binary-expr","locations":[{"start":{"line":89,"column":24},"end":{"line":89,"column":37}},{"start":{"line":89,"column":41},"end":{"line":89,"column":70}}],"line":89},"9":{"loc":{"start":{"line":101,"column":6},"end":{"line":103,"column":7}},"type":"if","locations":[{"start":{"line":101,"column":6},"end":{"line":103,"column":7}},{"start":{},"end":{}}],"line":101},"10":{"loc":{"start":{"line":108,"column":27},"end":{"line":108,"column":55}},"type":"binary-expr","locations":[{"start":{"line":108,"column":27},"end":{"line":108,"column":50}},{"start":{"line":108,"column":54},"end":{"line":108,"column":55}}],"line":108},"11":{"loc":{"start":{"line":109,"column":33},"end":{"line":109,"column":67}},"type":"binary-expr","locations":[{"start":{"line":109,"column":33},"end":{"line":109,"column":62}},{"start":{"line":109,"column":66},"end":{"line":109,"column":67}}],"line":109},"12":{"loc":{"start":{"line":110,"column":27},"end":{"line":110,"column":55}},"type":"binary-expr","locations":[{"start":{"line":110,"column":27},"end":{"line":110,"column":50}},{"start":{"line":110,"column":54},"end":{"line":110,"column":55}}],"line":110},"13":{"loc":{"start":{"line":147,"column":24},"end":{"line":147,"column":75}},"type":"binary-expr","locations":[{"start":{"line":147,"column":24},"end":{"line":147,"column":37}},{"start":{"line":147,"column":41},"end":{"line":147,"column":75}}],"line":147},"14":{"loc":{"start":{"line":159,"column":6},"end":{"line":161,"column":7}},"type":"if","locations":[{"start":{"line":159,"column":6},"end":{"line":161,"column":7}},{"start":{},"end":{}}],"line":159},"15":{"loc":{"start":{"line":171,"column":24},"end":{"line":171,"column":73}},"type":"binary-expr","locations":[{"start":{"line":171,"column":24},"end":{"line":171,"column":37}},{"start":{"line":171,"column":41},"end":{"line":171,"column":73}}],"line":171},"16":{"loc":{"start":{"line":180,"column":6},"end":{"line":182,"column":7}},"type":"if","locations":[{"start":{"line":180,"column":6},"end":{"line":182,"column":7}},{"start":{},"end":{}}],"line":180},"17":{"loc":{"start":{"line":195,"column":26},"end":{"line":195,"column":99}},"type":"binary-expr","locations":[{"start":{"line":195,"column":26},"end":{"line":195,"column":71}},{"start":{"line":195,"column":75},"end":{"line":195,"column":99}}],"line":195},"18":{"loc":{"start":{"line":196,"column":30},"end":{"line":196,"column":107}},"type":"binary-expr","locations":[{"start":{"line":196,"column":30},"end":{"line":196,"column":79}},{"start":{"line":196,"column":83},"end":{"line":196,"column":107}}],"line":196},"19":{"loc":{"start":{"line":205,"column":24},"end":{"line":205,"column":74}},"type":"binary-expr","locations":[{"start":{"line":205,"column":24},"end":{"line":205,"column":37}},{"start":{"line":205,"column":41},"end":{"line":205,"column":74}}],"line":205},"20":{"loc":{"start":{"line":232,"column":25},"end":{"line":232,"column":61}},"type":"binary-expr","locations":[{"start":{"line":232,"column":25},"end":{"line":232,"column":48}},{"start":{"line":232,"column":52},"end":{"line":232,"column":61}}],"line":232},"21":{"loc":{"start":{"line":233,"column":28},"end":{"line":233,"column":101}},"type":"binary-expr","locations":[{"start":{"line":233,"column":28},"end":{"line":233,"column":73}},{"start":{"line":233,"column":77},"end":{"line":233,"column":101}}],"line":233},"22":{"loc":{"start":{"line":234,"column":32},"end":{"line":234,"column":109}},"type":"binary-expr","locations":[{"start":{"line":234,"column":32},"end":{"line":234,"column":81}},{"start":{"line":234,"column":85},"end":{"line":234,"column":109}}],"line":234},"23":{"loc":{"start":{"line":244,"column":24},"end":{"line":244,"column":74}},"type":"binary-expr","locations":[{"start":{"line":244,"column":24},"end":{"line":244,"column":37}},{"start":{"line":244,"column":41},"end":{"line":244,"column":74}}],"line":244}},"s":{"0":1,"1":0,"2":0,"3":0,"4":0,"5":0,"6":0,"7":0,"8":0,"9":0,"10":0,"11":0,"12":0,"13":0,"14":0,"15":0,"16":0,"17":0,"18":0,"19":0,"20":0,"21":0,"22":0,"23":0,"24":0,"25":0,"26":0,"27":0,"28":0,"29":0,"30":0,"31":1,"32":0,"33":0,"34":0,"35":0,"36":0,"37":0,"38":0,"39":0,"40":0,"41":0,"42":0,"43":0,"44":0,"45":0,"46":0,"47":0,"48":0,"49":0,"50":0,"51":0,"52":0,"53":0,"54":0,"55":1,"56":0,"57":0,"58":0,"59":0,"60":0,"61":0,"62":0,"63":0,"64":0,"65":0,"66":0,"67":0,"68":0,"69":1,"70":0,"71":0,"72":0,"73":0,"74":0,"75":0,"76":0,"77":0,"78":0,"79":0,"80":0,"81":0,"82":0,"83":0,"84":0,"85":1,"86":0,"87":0,"88":0,"89":0,"90":0,"91":0,"92":0,"93":0,"94":0,"95":0,"96":0,"97":0,"98":0,"99":0,"100":0,"101":0,"102":0,"103":0},"f":{"0":0,"1":0,"2":0,"3":0,"4":0,"5":0,"6":0,"7":0,"8":0,"9":0,"10":0,"11":0},"b":{"0":[0,0],"1":[0,0],"2":[0,0],"3":[0,0],"4":[0,0],"5":[0,0],"6":[0,0],"7":[0,0],"8":[0,0],"9":[0,0],"10":[0,0],"11":[0,0],"12":[0,0],"13":[0,0],"14":[0,0],"15":[0,0],"16":[0,0],"17":[0,0],"18":[0,0],"19":[0,0],"20":[0,0],"21":[0,0],"22":[0,0],"23":[0,0]},"_coverageSchema":"1a1c01bbd47fc00a2c39e90264f33305004495a9","hash":"f89c0bf512151d7481ef52a22c23e44312d4a8a2"}
,"C:\\Users\\juanc\\OneDrive\\Documentos\\Ing Soft 2\\Proyecto_Ingesoft2\\src\\store\\thunks\\userThunk.jsx": {"path":"C:\\Users\\juanc\\OneDrive\\Documentos\\Ing Soft 2\\Proyecto_Ingesoft2\\src\\store\\thunks\\userThunk.jsx","statementMap":{"0":{"start":{"line":4,"column":39},"end":{"line":43,"column":1}},"1":{"start":{"line":5,"column":2},"end":{"line":42,"column":4}},"2":{"start":{"line":6,"column":4},"end":{"line":41,"column":5}},"3":{"start":{"line":7,"column":42},"end":{"line":7,"column":50}},"4":{"start":{"line":9,"column":6},"end":{"line":11,"column":7}},"5":{"start":{"line":10,"column":8},"end":{"line":10,"column":55}},"6":{"start":{"line":13,"column":22},"end":{"line":13,"column":46}},"7":{"start":{"line":15,"column":22},"end":{"line":15,"column":43}},"8":{"start":{"line":17,"column":6},"end":{"line":37,"column":7}},"9":{"start":{"line":18,"column":8},"end":{"line":20,"column":28}},"10":{"start":{"line":22,"column":8},"end":{"line":22,"column":49}},"11":{"start":{"line":23,"column":8},"end":{"line":23,"column":60}},"12":{"start":{"line":25,"column":29},"end":{"line":31,"column":9}},"13":{"start":{"line":33,"column":8},"end":{"line":33,"column":44}},"14":{"start":{"line":35,"column":8},"end":{"line":35,"column":57}},"15":{"start":{"line":36,"column":8},"end":{"line":36,"column":59}},"16":{"start":{"line":39,"column":6},"end":{"line":39,"column":65}},"17":{"start":{"line":40,"column":6},"end":{"line":40,"column":54}},"18":{"start":{"line":45,"column":30},"end":{"line":70,"column":1}},"19":{"start":{"line":46,"column":2},"end":{"line":69,"column":4}},"20":{"start":{"line":47,"column":4},"end":{"line":68,"column":5}},"21":{"start":{"line":48,"column":22},"end":{"line":48,"column":49}},"22":{"start":{"line":49,"column":22},"end":{"line":49,"column":43}},"23":{"start":{"line":51,"column":6},"end":{"line":64,"column":7}},"24":{"start":{"line":52,"column":25},"end":{"line":52,"column":39}},"25":{"start":{"line":53,"column":8},"end":{"line":61,"column":10}},"26":{"start":{"line":63,"column":8},"end":{"line":63,"column":66}},"27":{"start":{"line":66,"column":6},"end":{"line":66,"column":56}},"28":{"start":{"line":67,"column":6},"end":{"line":67,"column":54}}},"fnMap":{"0":{"name":"(anonymous_0)","decl":{"start":{"line":4,"column":39},"end":{"line":4,"column":40}},"loc":{"start":{"line":4,"column":53},"end":{"line":43,"column":1}},"line":4},"1":{"name":"(anonymous_1)","decl":{"start":{"line":5,"column":9},"end":{"line":5,"column":10}},"loc":{"start":{"line":5,"column":29},"end":{"line":42,"column":3}},"line":5},"2":{"name":"(anonymous_2)","decl":{"start":{"line":45,"column":30},"end":{"line":45,"column":31}},"loc":{"start":{"line":45,"column":42},"end":{"line":70,"column":1}},"line":45},"3":{"name":"(anonymous_3)","decl":{"start":{"line":46,"column":9},"end":{"line":46,"column":10}},"loc":{"start":{"line":46,"column":29},"end":{"line":69,"column":3}},"line":46}},"branchMap":{"0":{"loc":{"start":{"line":9,"column":6},"end":{"line":11,"column":7}},"type":"if","locations":[{"start":{"line":9,"column":6},"end":{"line":11,"column":7}},{"start":{},"end":{}}],"line":9},"1":{"loc":{"start":{"line":17,"column":6},"end":{"line":37,"column":7}},"type":"if","locations":[{"start":{"line":17,"column":6},"end":{"line":37,"column":7}},{"start":{"line":24,"column":13},"end":{"line":37,"column":7}}],"line":17},"2":{"loc":{"start":{"line":27,"column":17},"end":{"line":27,"column":28}},"type":"binary-expr","locations":[{"start":{"line":27,"column":17},"end":{"line":27,"column":22}},{"start":{"line":27,"column":26},"end":{"line":27,"column":28}}],"line":27},"3":{"loc":{"start":{"line":28,"column":23},"end":{"line":28,"column":47}},"type":"binary-expr","locations":[{"start":{"line":28,"column":23},"end":{"line":28,"column":34}},{"start":{"line":28,"column":38},"end":{"line":28,"column":47}}],"line":28},"4":{"loc":{"start":{"line":51,"column":6},"end":{"line":64,"column":7}},"type":"if","locations":[{"start":{"line":51,"column":6},"end":{"line":64,"column":7}},{"start":{"line":62,"column":13},"end":{"line":64,"column":7}}],"line":51},"5":{"loc":{"start":{"line":58,"column":27},"end":{"line":58,"column":81}},"type":"binary-expr","locations":[{"start":{"line":58,"column":27},"end":{"line":58,"column":73}},{"start":{"line":58,"column":77},"end":{"line":58,"column":81}}],"line":58},"6":{"loc":{"start":{"line":59,"column":28},"end":{"line":59,"column":83}},"type":"binary-expr","locations":[{"start":{"line":59,"column":28},"end":{"line":59,"column":75}},{"start":{"line":59,"column":79},"end":{"line":59,"column":83}}],"line":59}},"s":{"0":1,"1":0,"2":0,"3":0,"4":0,"5":0,"6":0,"7":0,"8":0,"9":0,"10":0,"11":0,"12":0,"13":0,"14":0,"15":0,"16":0,"17":0,"18":1,"19":0,"20":0,"21":0,"22":0,"23":0,"24":0,"25":0,"26":0,"27":0,"28":0},"f":{"0":0,"1":0,"2":0,"3":0},"b":{"0":[0,0],"1":[0,0],"2":[0,0],"3":[0,0],"4":[0,0],"5":[0,0],"6":[0,0]},"_coverageSchema":"1a1c01bbd47fc00a2c39e90264f33305004495a9","hash":"4cb41e7b030bf229c294a75643afb7d0c17e8ce4"}
}
