{"C:\\Users\\juanc\\OneDrive\\Documentos\\Ing Soft 2\\Proyecto_Ingesoft2\\src\\components\\AuthProvider.jsx": {"path":"C:\\Users\\juanc\\OneDrive\\Documentos\\Ing Soft 2\\Proyecto_Ingesoft2\\src\\components\\AuthProvider.jsx","statementMap":{"0":{"start":{"line":7,"column":28},"end":{"line":41,"column":1}},"1":{"start":{"line":8,"column":19},"end":{"line":8,"column":32}},"2":{"start":{"line":9,"column":32},"end":{"line":9,"column":46}},"3":{"start":{"line":11,"column":2},"end":{"line":30,"column":17}},"4":{"start":{"line":12,"column":4},"end":{"line":12,"column":36}},"5":{"start":{"line":14,"column":24},"end":{"line":27,"column":6}},"6":{"start":{"line":15,"column":6},"end":{"line":25,"column":7}},"7":{"start":{"line":17,"column":8},"end":{"line":21,"column":12}},"8":{"start":{"line":24,"column":8},"end":{"line":24,"column":27}},"9":{"start":{"line":26,"column":6},"end":{"line":26,"column":24}},"10":{"start":{"line":29,"column":4},"end":{"line":29,"column":31}},"11":{"start":{"line":29,"column":17},"end":{"line":29,"column":30}},"12":{"start":{"line":32,"column":2},"end":{"line":38,"column":3}},"13":{"start":{"line":33,"column":4},"end":{"line":37,"column":6}},"14":{"start":{"line":40,"column":2},"end":{"line":40,"column":18}}},"fnMap":{"0":{"name":"(anonymous_0)","decl":{"start":{"line":7,"column":28},"end":{"line":7,"column":29}},"loc":{"start":{"line":7,"column":46},"end":{"line":41,"column":1}},"line":7},"1":{"name":"(anonymous_1)","decl":{"start":{"line":11,"column":12},"end":{"line":11,"column":13}},"loc":{"start":{"line":11,"column":18},"end":{"line":30,"column":3}},"line":11},"2":{"name":"(anonymous_2)","decl":{"start":{"line":14,"column":49},"end":{"line":14,"column":50}},"loc":{"start":{"line":14,"column":59},"end":{"line":27,"column":5}},"line":14},"3":{"name":"(anonymous_3)","decl":{"start":{"line":29,"column":11},"end":{"line":29,"column":12}},"loc":{"start":{"line":29,"column":17},"end":{"line":29,"column":30}},"line":29}},"branchMap":{"0":{"loc":{"start":{"line":15,"column":6},"end":{"line":25,"column":7}},"type":"if","locations":[{"start":{"line":15,"column":6},"end":{"line":25,"column":7}},{"start":{"line":22,"column":13},"end":{"line":25,"column":7}}],"line":15},"1":{"loc":{"start":{"line":20,"column":23},"end":{"line":20,"column":52}},"type":"binary-expr","locations":[{"start":{"line":20,"column":23},"end":{"line":20,"column":39}},{"start":{"line":20,"column":43},"end":{"line":20,"column":52}}],"line":20},"2":{"loc":{"start":{"line":32,"column":2},"end":{"line":38,"column":3}},"type":"if","locations":[{"start":{"line":32,"column":2},"end":{"line":38,"column":3}},{"start":{},"end":{}}],"line":32}},"s":{"0":1,"1":7,"2":7,"3":7,"4":4,"5":4,"6":3,"7":1,"8":2,"9":3,"10":4,"11":4,"12":7,"13":4,"14":3},"f":{"0":7,"1":4,"2":3,"3":4},"b":{"0":[1,2],"1":[1,0],"2":[4,3]},"_coverageSchema":"1a1c01bbd47fc00a2c39e90264f33305004495a9","hash":"02c44456b22c6aad9652f16a7c1dce91961fef6c"}
,"C:\\Users\\juanc\\OneDrive\\Documentos\\Ing Soft 2\\Proyecto_Ingesoft2\\src\\components\\Dashboard.jsx": {"path":"C:\\Users\\juanc\\OneDrive\\Documentos\\Ing Soft 2\\Proyecto_Ingesoft2\\src\\components\\Dashboard.jsx","statementMap":{"0":{"start":{"line":11,"column":25},"end":{"line":74,"column":1}},"1":{"start":{"line":12,"column":19},"end":{"line":12,"column":32}},"2":{"start":{"line":13,"column":19},"end":{"line":13,"column":32}},"3":{"start":{"line":14,"column":45},"end":{"line":14,"column":79}},"4":{"start":{"line":14,"column":68},"end":{"line":14,"column":78}},"5":{"start":{"line":15,"column":26},"end":{"line":15,"column":59}},"6":{"start":{"line":15,"column":49},"end":{"line":15,"column":58}},"7":{"start":{"line":17,"column":2},"end":{"line":31,"column":26}},"8":{"start":{"line":18,"column":4},"end":{"line":21,"column":5}},"9":{"start":{"line":19,"column":6},"end":{"line":19,"column":25}},"10":{"start":{"line":20,"column":6},"end":{"line":20,"column":13}},"11":{"start":{"line":23,"column":4},"end":{"line":26,"column":5}},"12":{"start":{"line":24,"column":6},"end":{"line":24,"column":35}},"13":{"start":{"line":25,"column":6},"end":{"line":25,"column":13}},"14":{"start":{"line":28,"column":4},"end":{"line":30,"column":5}},"15":{"start":{"line":29,"column":6},"end":{"line":29,"column":42}},"16":{"start":{"line":33,"column":23},"end":{"line":36,"column":3}},"17":{"start":{"line":34,"column":4},"end":{"line":34,"column":30}},"18":{"start":{"line":35,"column":4},"end":{"line":35,"column":27}},"19":{"start":{"line":38,"column":2},"end":{"line":40,"column":3}},"20":{"start":{"line":39,"column":4},"end":{"line":39,"column":16}},"21":{"start":{"line":42,"column":2},"end":{"line":73,"column":4}}},"fnMap":{"0":{"name":"(anonymous_0)","decl":{"start":{"line":11,"column":25},"end":{"line":11,"column":26}},"loc":{"start":{"line":11,"column":31},"end":{"line":74,"column":1}},"line":11},"1":{"name":"(anonymous_1)","decl":{"start":{"line":14,"column":57},"end":{"line":14,"column":58}},"loc":{"start":{"line":14,"column":68},"end":{"line":14,"column":78}},"line":14},"2":{"name":"(anonymous_2)","decl":{"start":{"line":15,"column":38},"end":{"line":15,"column":39}},"loc":{"start":{"line":15,"column":49},"end":{"line":15,"column":58}},"line":15},"3":{"name":"(anonymous_3)","decl":{"start":{"line":17,"column":12},"end":{"line":17,"column":13}},"loc":{"start":{"line":17,"column":18},"end":{"line":31,"column":3}},"line":17},"4":{"name":"(anonymous_4)","decl":{"start":{"line":33,"column":23},"end":{"line":33,"column":24}},"loc":{"start":{"line":33,"column":29},"end":{"line":36,"column":3}},"line":33}},"branchMap":{"0":{"loc":{"start":{"line":18,"column":4},"end":{"line":21,"column":5}},"type":"if","locations":[{"start":{"line":18,"column":4},"end":{"line":21,"column":5}},{"start":{},"end":{}}],"line":18},"1":{"loc":{"start":{"line":23,"column":4},"end":{"line":26,"column":5}},"type":"if","locations":[{"start":{"line":23,"column":4},"end":{"line":26,"column":5}},{"start":{},"end":{}}],"line":23},"2":{"loc":{"start":{"line":28,"column":4},"end":{"line":30,"column":5}},"type":"if","locations":[{"start":{"line":28,"column":4},"end":{"line":30,"column":5}},{"start":{},"end":{}}],"line":28},"3":{"loc":{"start":{"line":28,"column":8},"end":{"line":28,"column":41}},"type":"binary-expr","locations":[{"start":{"line":28,"column":8},"end":{"line":28,"column":11}},{"start":{"line":28,"column":15},"end":{"line":28,"column":41}}],"line":28},"4":{"loc":{"start":{"line":38,"column":2},"end":{"line":40,"column":3}},"type":"if","locations":[{"start":{"line":38,"column":2},"end":{"line":40,"column":3}},{"start":{},"end":{}}],"line":38},"5":{"loc":{"start":{"line":38,"column":6},"end":{"line":38,"column":52}},"type":"binary-expr","locations":[{"start":{"line":38,"column":6},"end":{"line":38,"column":32}},{"start":{"line":38,"column":36},"end":{"line":38,"column":52}}],"line":38}},"s":{"0":1,"1":5,"2":5,"3":5,"4":5,"5":5,"6":5,"7":5,"8":5,"9":1,"10":1,"11":4,"12":1,"13":1,"14":3,"15":2,"16":5,"17":1,"18":1,"19":5,"20":3,"21":2},"f":{"0":5,"1":5,"2":5,"3":5,"4":1},"b":{"0":[1,4],"1":[1,3],"2":[2,1],"3":[3,2],"4":[3,2],"5":[5,3]},"_coverageSchema":"1a1c01bbd47fc00a2c39e90264f33305004495a9","hash":"66da91ad9435c3f8aff28f003003fe88de0c6af6"}
,"C:\\Users\\juanc\\OneDrive\\Documentos\\Ing Soft 2\\Proyecto_Ingesoft2\\src\\components\\DetalleCDT.jsx": {"path":"C:\\Users\\juanc\\OneDrive\\Documentos\\Ing Soft 2\\Proyecto_Ingesoft2\\src\\components\\DetalleCDT.jsx","statementMap":{"0":{"start":{"line":7,"column":26},"end":{"line":198,"column":1}},"1":{"start":{"line":8,"column":17},"end":{"line":8,"column":28}},"2":{"start":{"line":9,"column":19},"end":{"line":9,"column":32}},"3":{"start":{"line":10,"column":26},"end":{"line":10,"column":51}},"4":{"start":{"line":10,"column":45},"end":{"line":10,"column":50}},"5":{"start":{"line":11,"column":18},"end":{"line":11,"column":44}},"6":{"start":{"line":11,"column":37},"end":{"line":11,"column":43}},"7":{"start":{"line":13,"column":36},"end":{"line":13,"column":50}},"8":{"start":{"line":14,"column":32},"end":{"line":14,"column":46}},"9":{"start":{"line":15,"column":28},"end":{"line":15,"column":42}},"10":{"start":{"line":17,"column":2},"end":{"line":47,"column":29}},"11":{"start":{"line":18,"column":29},"end":{"line":44,"column":5}},"12":{"start":{"line":19,"column":6},"end":{"line":43,"column":7}},"13":{"start":{"line":21,"column":16},"end":{"line":21,"column":60}},"14":{"start":{"line":21,"column":48},"end":{"line":21,"column":59}},"15":{"start":{"line":24,"column":8},"end":{"line":30,"column":9}},"16":{"start":{"line":25,"column":31},"end":{"line":25,"column":77}},"17":{"start":{"line":26,"column":26},"end":{"line":26,"column":52}},"18":{"start":{"line":27,"column":10},"end":{"line":29,"column":11}},"19":{"start":{"line":28,"column":12},"end":{"line":28,"column":54}},"20":{"start":{"line":32,"column":8},"end":{"line":37,"column":9}},"21":{"start":{"line":33,"column":10},"end":{"line":33,"column":26}},"22":{"start":{"line":34,"column":10},"end":{"line":34,"column":25}},"23":{"start":{"line":36,"column":10},"end":{"line":36,"column":46}},"24":{"start":{"line":39,"column":8},"end":{"line":39,"column":56}},"25":{"start":{"line":40,"column":8},"end":{"line":40,"column":64}},"26":{"start":{"line":42,"column":8},"end":{"line":42,"column":26}},"27":{"start":{"line":46,"column":4},"end":{"line":46,"column":23}},"28":{"start":{"line":49,"column":20},"end":{"line":54,"column":21}},"29":{"start":{"line":50,"column":4},"end":{"line":54,"column":21}},"30":{"start":{"line":57,"column":22},"end":{"line":72,"column":3}},"31":{"start":{"line":58,"column":4},"end":{"line":58,"column":27}},"32":{"start":{"line":58,"column":16},"end":{"line":58,"column":27}},"33":{"start":{"line":59,"column":4},"end":{"line":71,"column":5}},"34":{"start":{"line":60,"column":16},"end":{"line":60,"column":86}},"35":{"start":{"line":61,"column":6},"end":{"line":67,"column":9}},"36":{"start":{"line":69,"column":6},"end":{"line":69,"column":53}},"37":{"start":{"line":70,"column":6},"end":{"line":70,"column":17}},"38":{"start":{"line":74,"column":2},"end":{"line":76,"column":3}},"39":{"start":{"line":75,"column":4},"end":{"line":75,"column":62}},"40":{"start":{"line":78,"column":2},"end":{"line":98,"column":3}},"41":{"start":{"line":79,"column":4},"end":{"line":97,"column":6}},"42":{"start":{"line":84,"column":25},"end":{"line":84,"column":47}},"43":{"start":{"line":100,"column":2},"end":{"line":197,"column":4}},"44":{"start":{"line":108,"column":33},"end":{"line":108,"column":55}},"45":{"start":{"line":180,"column":29},"end":{"line":180,"column":51}},"46":{"start":{"line":187,"column":31},"end":{"line":187,"column":66}}},"fnMap":{"0":{"name":"(anonymous_0)","decl":{"start":{"line":7,"column":26},"end":{"line":7,"column":27}},"loc":{"start":{"line":7,"column":32},"end":{"line":198,"column":1}},"line":7},"1":{"name":"(anonymous_1)","decl":{"start":{"line":10,"column":38},"end":{"line":10,"column":39}},"loc":{"start":{"line":10,"column":45},"end":{"line":10,"column":50}},"line":10},"2":{"name":"(anonymous_2)","decl":{"start":{"line":11,"column":30},"end":{"line":11,"column":31}},"loc":{"start":{"line":11,"column":37},"end":{"line":11,"column":43}},"line":11},"3":{"name":"(anonymous_3)","decl":{"start":{"line":17,"column":12},"end":{"line":17,"column":13}},"loc":{"start":{"line":17,"column":18},"end":{"line":47,"column":3}},"line":17},"4":{"name":"(anonymous_4)","decl":{"start":{"line":18,"column":29},"end":{"line":18,"column":30}},"loc":{"start":{"line":18,"column":41},"end":{"line":44,"column":5}},"line":18},"5":{"name":"(anonymous_5)","decl":{"start":{"line":21,"column":41},"end":{"line":21,"column":42}},"loc":{"start":{"line":21,"column":48},"end":{"line":21,"column":59}},"line":21},"6":{"name":"(anonymous_6)","decl":{"start":{"line":49,"column":20},"end":{"line":49,"column":21}},"loc":{"start":{"line":50,"column":4},"end":{"line":54,"column":21}},"line":50},"7":{"name":"(anonymous_7)","decl":{"start":{"line":57,"column":22},"end":{"line":57,"column":23}},"loc":{"start":{"line":57,"column":33},"end":{"line":72,"column":3}},"line":57},"8":{"name":"(anonymous_8)","decl":{"start":{"line":84,"column":19},"end":{"line":84,"column":20}},"loc":{"start":{"line":84,"column":25},"end":{"line":84,"column":47}},"line":84},"9":{"name":"(anonymous_9)","decl":{"start":{"line":108,"column":27},"end":{"line":108,"column":28}},"loc":{"start":{"line":108,"column":33},"end":{"line":108,"column":55}},"line":108},"10":{"name":"(anonymous_10)","decl":{"start":{"line":180,"column":23},"end":{"line":180,"column":24}},"loc":{"start":{"line":180,"column":29},"end":{"line":180,"column":51}},"line":180},"11":{"name":"(anonymous_11)","decl":{"start":{"line":187,"column":25},"end":{"line":187,"column":26}},"loc":{"start":{"line":187,"column":31},"end":{"line":187,"column":66}},"line":187}},"branchMap":{"0":{"loc":{"start":{"line":21,"column":17},"end":{"line":21,"column":34}},"type":"binary-expr","locations":[{"start":{"line":21,"column":17},"end":{"line":21,"column":28}},{"start":{"line":21,"column":32},"end":{"line":21,"column":34}}],"line":21},"1":{"loc":{"start":{"line":24,"column":8},"end":{"line":30,"column":9}},"type":"if","locations":[{"start":{"line":24,"column":8},"end":{"line":30,"column":9}},{"start":{},"end":{}}],"line":24},"2":{"loc":{"start":{"line":24,"column":12},"end":{"line":24,"column":27}},"type":"binary-expr","locations":[{"start":{"line":24,"column":12},"end":{"line":24,"column":14}},{"start":{"line":24,"column":18},"end":{"line":24,"column":21}},{"start":{"line":24,"column":25},"end":{"line":24,"column":27}}],"line":24},"3":{"loc":{"start":{"line":27,"column":10},"end":{"line":29,"column":11}},"type":"if","locations":[{"start":{"line":27,"column":10},"end":{"line":29,"column":11}},{"start":{},"end":{}}],"line":27},"4":{"loc":{"start":{"line":32,"column":8},"end":{"line":37,"column":9}},"type":"if","locations":[{"start":{"line":32,"column":8},"end":{"line":37,"column":9}},{"start":{"line":35,"column":15},"end":{"line":37,"column":9}}],"line":32},"5":{"loc":{"start":{"line":40,"column":17},"end":{"line":40,"column":62}},"type":"binary-expr","locations":[{"start":{"line":40,"column":17},"end":{"line":40,"column":28}},{"start":{"line":40,"column":32},"end":{"line":40,"column":62}}],"line":40},"6":{"loc":{"start":{"line":54,"column":14},"end":{"line":54,"column":20}},"type":"binary-expr","locations":[{"start":{"line":54,"column":14},"end":{"line":54,"column":15}},{"start":{"line":54,"column":19},"end":{"line":54,"column":20}}],"line":54},"7":{"loc":{"start":{"line":58,"column":4},"end":{"line":58,"column":27}},"type":"if","locations":[{"start":{"line":58,"column":4},"end":{"line":58,"column":27}},{"start":{},"end":{}}],"line":58},"8":{"loc":{"start":{"line":60,"column":16},"end":{"line":60,"column":86}},"type":"cond-expr","locations":[{"start":{"line":60,"column":54},"end":{"line":60,"column":68}},{"start":{"line":60,"column":71},"end":{"line":60,"column":86}}],"line":60},"9":{"loc":{"start":{"line":74,"column":2},"end":{"line":76,"column":3}},"type":"if","locations":[{"start":{"line":74,"column":2},"end":{"line":76,"column":3}},{"start":{},"end":{}}],"line":74},"10":{"loc":{"start":{"line":78,"column":2},"end":{"line":98,"column":3}},"type":"if","locations":[{"start":{"line":78,"column":2},"end":{"line":98,"column":3}},{"start":{},"end":{}}],"line":78},"11":{"loc":{"start":{"line":78,"column":6},"end":{"line":78,"column":25}},"type":"binary-expr","locations":[{"start":{"line":78,"column":6},"end":{"line":78,"column":11}},{"start":{"line":78,"column":15},"end":{"line":78,"column":25}}],"line":78},"12":{"loc":{"start":{"line":81,"column":44},"end":{"line":81,"column":78}},"type":"binary-expr","locations":[{"start":{"line":81,"column":44},"end":{"line":81,"column":49}},{"start":{"line":81,"column":53},"end":{"line":81,"column":78}}],"line":81},"13":{"loc":{"start":{"line":134,"column":18},"end":{"line":134,"column":44}},"type":"binary-expr","locations":[{"start":{"line":134,"column":18},"end":{"line":134,"column":39}},{"start":{"line":134,"column":43},"end":{"line":134,"column":44}}],"line":134},"14":{"loc":{"start":{"line":145,"column":11},"end":{"line":167,"column":11}},"type":"binary-expr","locations":[{"start":{"line":145,"column":12},"end":{"line":145,"column":51}},{"start":{"line":145,"column":55},"end":{"line":145,"column":97}},{"start":{"line":146,"column":12},"end":{"line":166,"column":18}}],"line":145},"15":{"loc":{"start":{"line":185,"column":13},"end":{"line":192,"column":13}},"type":"binary-expr","locations":[{"start":{"line":185,"column":14},"end":{"line":185,"column":45}},{"start":{"line":185,"column":49},"end":{"line":185,"column":85}},{"start":{"line":186,"column":14},"end":{"line":191,"column":23}}],"line":185}},"s":{"0":1,"1":15,"2":15,"3":15,"4":15,"5":15,"6":15,"7":15,"8":15,"9":15,"10":15,"11":11,"12":11,"13":11,"14":4,"15":11,"16":7,"17":7,"18":5,"19":3,"20":9,"21":7,"22":7,"23":2,"24":2,"25":2,"26":11,"27":11,"28":15,"29":10,"30":15,"31":6,"32":4,"33":2,"34":2,"35":2,"36":0,"37":0,"38":15,"39":5,"40":10,"41":4,"42":1,"43":6,"44":0,"45":0,"46":0},"f":{"0":15,"1":15,"2":15,"3":11,"4":11,"5":4,"6":10,"7":6,"8":1,"9":0,"10":0,"11":0},"b":{"0":[11,0],"1":[7,4],"2":[11,7,7],"3":[3,2],"4":[7,2],"5":[2,0],"6":[10,0],"7":[4,2],"8":[0,2],"9":[5,10],"10":[4,6],"11":[10,6],"12":[4,0],"13":[6,0],"14":[6,4,2],"15":[6,2,6]},"_coverageSchema":"1a1c01bbd47fc00a2c39e90264f33305004495a9","hash":"915de4f9d97cc15e58cf6b7e20b24a4c11fabadb"}
,"C:\\Users\\juanc\\OneDrive\\Documentos\\Ing Soft 2\\Proyecto_Ingesoft2\\src\\components\\Footer.jsx": {"path":"C:\\Users\\juanc\\OneDrive\\Documentos\\Ing Soft 2\\Proyecto_Ingesoft2\\src\\components\\Footer.jsx","statementMap":{"0":{"start":{"line":1,"column":22},"end":{"line":66,"column":1}},"1":{"start":{"line":2,"column":2},"end":{"line":65,"column":4}}},"fnMap":{"0":{"name":"(anonymous_0)","decl":{"start":{"line":1,"column":22},"end":{"line":1,"column":23}},"loc":{"start":{"line":1,"column":28},"end":{"line":66,"column":1}},"line":1}},"branchMap":{},"s":{"0":1,"1":6},"f":{"0":6},"b":{},"_coverageSchema":"1a1c01bbd47fc00a2c39e90264f33305004495a9","hash":"2cd1eec1e4940d27e2e1ee94907ba08b98b3b19e"}
,"C:\\Users\\juanc\\OneDrive\\Documentos\\Ing Soft 2\\Proyecto_Ingesoft2\\src\\components\\FormularioCDT.jsx": {"path":"C:\\Users\\juanc\\OneDrive\\Documentos\\Ing Soft 2\\Proyecto_Ingesoft2\\src\\components\\FormularioCDT.jsx","statementMap":{"0":{"start":{"line":8,"column":29},"end":{"line":195,"column":1}},"1":{"start":{"line":9,"column":19},"end":{"line":9,"column":32}},"2":{"start":{"line":10,"column":19},"end":{"line":10,"column":32}},"3":{"start":{"line":11,"column":37},"end":{"line":11,"column":62}},"4":{"start":{"line":11,"column":56},"end":{"line":11,"column":61}},"5":{"start":{"line":12,"column":31},"end":{"line":12,"column":57}},"6":{"start":{"line":12,"column":50},"end":{"line":12,"column":56}},"7":{"start":{"line":14,"column":20},"end":{"line":14,"column":69}},"8":{"start":{"line":16,"column":20},"end":{"line":21,"column":3}},"9":{"start":{"line":23,"column":26},"end":{"line":23,"column":91}},"10":{"start":{"line":24,"column":22},"end":{"line":24,"column":34}},"11":{"start":{"line":26,"column":2},"end":{"line":37,"column":24}},"12":{"start":{"line":27,"column":4},"end":{"line":36,"column":5}},"13":{"start":{"line":28,"column":6},"end":{"line":33,"column":9}},"14":{"start":{"line":35,"column":6},"end":{"line":35,"column":71}},"15":{"start":{"line":39,"column":19},"end":{"line":47,"column":3}},"16":{"start":{"line":40,"column":28},"end":{"line":40,"column":36}},"17":{"start":{"line":41,"column":4},"end":{"line":46,"column":5}},"18":{"start":{"line":42,"column":16},"end":{"line":42,"column":64}},"19":{"start":{"line":42,"column":38},"end":{"line":42,"column":63}},"20":{"start":{"line":43,"column":6},"end":{"line":43,"column":83}},"21":{"start":{"line":43,"column":22},"end":{"line":43,"column":80}},"22":{"start":{"line":45,"column":6},"end":{"line":45,"column":94}},"23":{"start":{"line":45,"column":22},"end":{"line":45,"column":91}},"24":{"start":{"line":49,"column":20},"end":{"line":50,"column":123}},"25":{"start":{"line":50,"column":4},"end":{"line":50,"column":123}},"26":{"start":{"line":52,"column":18},"end":{"line":59,"column":48}},"27":{"start":{"line":53,"column":18},"end":{"line":53,"column":41}},"28":{"start":{"line":54,"column":16},"end":{"line":54,"column":51}},"29":{"start":{"line":55,"column":17},"end":{"line":55,"column":65}},"30":{"start":{"line":56,"column":14},"end":{"line":56,"column":47}},"31":{"start":{"line":57,"column":22},"end":{"line":57,"column":31}},"32":{"start":{"line":58,"column":4},"end":{"line":58,"column":51}},"33":{"start":{"line":61,"column":18},"end":{"line":68,"column":3}},"34":{"start":{"line":62,"column":14},"end":{"line":62,"column":37}},"35":{"start":{"line":63,"column":4},"end":{"line":63,"column":46}},"36":{"start":{"line":63,"column":14},"end":{"line":63,"column":46}},"37":{"start":{"line":64,"column":4},"end":{"line":64,"column":56}},"38":{"start":{"line":64,"column":24},"end":{"line":64,"column":56}},"39":{"start":{"line":65,"column":4},"end":{"line":65,"column":88}},"40":{"start":{"line":65,"column":43},"end":{"line":65,"column":88}},"41":{"start":{"line":66,"column":4},"end":{"line":66,"column":50}},"42":{"start":{"line":66,"column":21},"end":{"line":66,"column":50}},"43":{"start":{"line":67,"column":4},"end":{"line":67,"column":16}},"44":{"start":{"line":70,"column":19},"end":{"line":98,"column":3}},"45":{"start":{"line":71,"column":4},"end":{"line":71,"column":23}},"46":{"start":{"line":72,"column":4},"end":{"line":72,"column":14}},"47":{"start":{"line":73,"column":14},"end":{"line":73,"column":23}},"48":{"start":{"line":74,"column":4},"end":{"line":74,"column":27}},"49":{"start":{"line":74,"column":11},"end":{"line":74,"column":27}},"50":{"start":{"line":76,"column":17},"end":{"line":82,"column":5}},"51":{"start":{"line":84,"column":16},"end":{"line":86,"column":47}},"52":{"start":{"line":88,"column":4},"end":{"line":97,"column":5}},"53":{"start":{"line":89,"column":6},"end":{"line":89,"column":76}},"54":{"start":{"line":90,"column":6},"end":{"line":94,"column":14}},"55":{"start":{"line":91,"column":8},"end":{"line":91,"column":18}},"56":{"start":{"line":92,"column":8},"end":{"line":92,"column":41}},"57":{"start":{"line":93,"column":8},"end":{"line":93,"column":31}},"58":{"start":{"line":96,"column":6},"end":{"line":96,"column":46}},"59":{"start":{"line":100,"column":22},"end":{"line":103,"column":3}},"60":{"start":{"line":101,"column":4},"end":{"line":101,"column":69}},"61":{"start":{"line":102,"column":4},"end":{"line":102,"column":37}},"62":{"start":{"line":105,"column":2},"end":{"line":194,"column":4}},"63":{"start":{"line":114,"column":14},"end":{"line":114,"column":64}},"64":{"start":{"line":139,"column":14},"end":{"line":139,"column":70}}},"fnMap":{"0":{"name":"(anonymous_0)","decl":{"start":{"line":8,"column":29},"end":{"line":8,"column":30}},"loc":{"start":{"line":8,"column":35},"end":{"line":195,"column":1}},"line":8},"1":{"name":"(anonymous_1)","decl":{"start":{"line":11,"column":49},"end":{"line":11,"column":50}},"loc":{"start":{"line":11,"column":56},"end":{"line":11,"column":61}},"line":11},"2":{"name":"(anonymous_2)","decl":{"start":{"line":12,"column":43},"end":{"line":12,"column":44}},"loc":{"start":{"line":12,"column":50},"end":{"line":12,"column":56}},"line":12},"3":{"name":"(anonymous_3)","decl":{"start":{"line":26,"column":12},"end":{"line":26,"column":13}},"loc":{"start":{"line":26,"column":18},"end":{"line":37,"column":3}},"line":26},"4":{"name":"(anonymous_4)","decl":{"start":{"line":39,"column":19},"end":{"line":39,"column":20}},"loc":{"start":{"line":39,"column":26},"end":{"line":47,"column":3}},"line":39},"5":{"name":"(anonymous_5)","decl":{"start":{"line":42,"column":31},"end":{"line":42,"column":32}},"loc":{"start":{"line":42,"column":38},"end":{"line":42,"column":63}},"line":42},"6":{"name":"(anonymous_6)","decl":{"start":{"line":43,"column":14},"end":{"line":43,"column":15}},"loc":{"start":{"line":43,"column":22},"end":{"line":43,"column":80}},"line":43},"7":{"name":"(anonymous_7)","decl":{"start":{"line":45,"column":14},"end":{"line":45,"column":15}},"loc":{"start":{"line":45,"column":22},"end":{"line":45,"column":91}},"line":45},"8":{"name":"(anonymous_8)","decl":{"start":{"line":49,"column":20},"end":{"line":49,"column":21}},"loc":{"start":{"line":50,"column":4},"end":{"line":50,"column":123}},"line":50},"9":{"name":"(anonymous_9)","decl":{"start":{"line":52,"column":26},"end":{"line":52,"column":27}},"loc":{"start":{"line":52,"column":32},"end":{"line":59,"column":3}},"line":52},"10":{"name":"(anonymous_10)","decl":{"start":{"line":61,"column":18},"end":{"line":61,"column":19}},"loc":{"start":{"line":61,"column":24},"end":{"line":68,"column":3}},"line":61},"11":{"name":"(anonymous_11)","decl":{"start":{"line":70,"column":19},"end":{"line":70,"column":20}},"loc":{"start":{"line":70,"column":32},"end":{"line":98,"column":3}},"line":70},"12":{"name":"(anonymous_12)","decl":{"start":{"line":90,"column":17},"end":{"line":90,"column":18}},"loc":{"start":{"line":90,"column":23},"end":{"line":94,"column":7}},"line":90},"13":{"name":"(anonymous_13)","decl":{"start":{"line":100,"column":22},"end":{"line":100,"column":23}},"loc":{"start":{"line":100,"column":28},"end":{"line":103,"column":3}},"line":100},"14":{"name":"(anonymous_14)","decl":{"start":{"line":113,"column":27},"end":{"line":113,"column":28}},"loc":{"start":{"line":114,"column":14},"end":{"line":114,"column":64}},"line":114},"15":{"name":"(anonymous_15)","decl":{"start":{"line":138,"column":27},"end":{"line":138,"column":28}},"loc":{"start":{"line":139,"column":14},"end":{"line":139,"column":70}},"line":139}},"branchMap":{"0":{"loc":{"start":{"line":27,"column":4},"end":{"line":36,"column":5}},"type":"if","locations":[{"start":{"line":27,"column":4},"end":{"line":36,"column":5}},{"start":{"line":34,"column":11},"end":{"line":36,"column":5}}],"line":27},"1":{"loc":{"start":{"line":30,"column":22},"end":{"line":30,"column":49}},"type":"binary-expr","locations":[{"start":{"line":30,"column":22},"end":{"line":30,"column":43}},{"start":{"line":30,"column":47},"end":{"line":30,"column":49}}],"line":30},"2":{"loc":{"start":{"line":31,"column":15},"end":{"line":31,"column":50}},"type":"binary-expr","locations":[{"start":{"line":31,"column":15},"end":{"line":31,"column":44}},{"start":{"line":31,"column":48},"end":{"line":31,"column":50}}],"line":31},"3":{"loc":{"start":{"line":41,"column":4},"end":{"line":46,"column":5}},"type":"if","locations":[{"start":{"line":41,"column":4},"end":{"line":46,"column":5}},{"start":{"line":44,"column":11},"end":{"line":46,"column":5}}],"line":41},"4":{"loc":{"start":{"line":43,"column":65},"end":{"line":43,"column":78}},"type":"binary-expr","locations":[{"start":{"line":43,"column":65},"end":{"line":43,"column":72}},{"start":{"line":43,"column":76},"end":{"line":43,"column":78}}],"line":43},"5":{"loc":{"start":{"line":45,"column":38},"end":{"line":45,"column":89}},"type":"cond-expr","locations":[{"start":{"line":45,"column":57},"end":{"line":45,"column":81}},{"start":{"line":45,"column":84},"end":{"line":45,"column":89}}],"line":45},"6":{"loc":{"start":{"line":50,"column":115},"end":{"line":50,"column":121}},"type":"binary-expr","locations":[{"start":{"line":50,"column":115},"end":{"line":50,"column":116}},{"start":{"line":50,"column":120},"end":{"line":50,"column":121}}],"line":50},"7":{"loc":{"start":{"line":53,"column":25},"end":{"line":53,"column":40}},"type":"binary-expr","locations":[{"start":{"line":53,"column":25},"end":{"line":53,"column":35}},{"start":{"line":53,"column":39},"end":{"line":53,"column":40}}],"line":53},"8":{"loc":{"start":{"line":54,"column":23},"end":{"line":54,"column":44}},"type":"binary-expr","locations":[{"start":{"line":54,"column":23},"end":{"line":54,"column":39}},{"start":{"line":54,"column":43},"end":{"line":54,"column":44}}],"line":54},"9":{"loc":{"start":{"line":55,"column":36},"end":{"line":55,"column":51}},"type":"binary-expr","locations":[{"start":{"line":55,"column":36},"end":{"line":55,"column":46}},{"start":{"line":55,"column":50},"end":{"line":55,"column":51}}],"line":55},"10":{"loc":{"start":{"line":62,"column":21},"end":{"line":62,"column":36}},"type":"binary-expr","locations":[{"start":{"line":62,"column":21},"end":{"line":62,"column":31}},{"start":{"line":62,"column":35},"end":{"line":62,"column":36}}],"line":62},"11":{"loc":{"start":{"line":63,"column":4},"end":{"line":63,"column":46}},"type":"if","locations":[{"start":{"line":63,"column":4},"end":{"line":63,"column":46}},{"start":{},"end":{}}],"line":63},"12":{"loc":{"start":{"line":64,"column":4},"end":{"line":64,"column":56}},"type":"if","locations":[{"start":{"line":64,"column":4},"end":{"line":64,"column":56}},{"start":{},"end":{}}],"line":64},"13":{"loc":{"start":{"line":65,"column":4},"end":{"line":65,"column":88}},"type":"if","locations":[{"start":{"line":65,"column":4},"end":{"line":65,"column":88}},{"start":{},"end":{}}],"line":65},"14":{"loc":{"start":{"line":65,"column":8},"end":{"line":65,"column":41}},"type":"binary-expr","locations":[{"start":{"line":65,"column":8},"end":{"line":65,"column":10}},{"start":{"line":65,"column":14},"end":{"line":65,"column":24}},{"start":{"line":65,"column":28},"end":{"line":65,"column":41}}],"line":65},"15":{"loc":{"start":{"line":66,"column":4},"end":{"line":66,"column":50}},"type":"if","locations":[{"start":{"line":66,"column":4},"end":{"line":66,"column":50}},{"start":{},"end":{}}],"line":66},"16":{"loc":{"start":{"line":74,"column":4},"end":{"line":74,"column":27}},"type":"if","locations":[{"start":{"line":74,"column":4},"end":{"line":74,"column":27}},{"start":{},"end":{}}],"line":74},"17":{"loc":{"start":{"line":80,"column":14},"end":{"line":80,"column":51}},"type":"binary-expr","locations":[{"start":{"line":80,"column":14},"end":{"line":80,"column":37}},{"start":{"line":80,"column":41},"end":{"line":80,"column":51}}],"line":80},"18":{"loc":{"start":{"line":84,"column":16},"end":{"line":86,"column":47}},"type":"cond-expr","locations":[{"start":{"line":85,"column":8},"end":{"line":85,"column":89}},{"start":{"line":86,"column":8},"end":{"line":86,"column":47}}],"line":84},"19":{"loc":{"start":{"line":88,"column":4},"end":{"line":97,"column":5}},"type":"if","locations":[{"start":{"line":88,"column":4},"end":{"line":97,"column":5}},{"start":{"line":95,"column":11},"end":{"line":97,"column":5}}],"line":88},"20":{"loc":{"start":{"line":89,"column":12},"end":{"line":89,"column":74}},"type":"cond-expr","locations":[{"start":{"line":89,"column":30},"end":{"line":89,"column":53}},{"start":{"line":89,"column":56},"end":{"line":89,"column":74}}],"line":89},"21":{"loc":{"start":{"line":96,"column":12},"end":{"line":96,"column":44}},"type":"binary-expr","locations":[{"start":{"line":96,"column":12},"end":{"line":96,"column":22}},{"start":{"line":96,"column":26},"end":{"line":96,"column":44}}],"line":96},"22":{"loc":{"start":{"line":162,"column":46},"end":{"line":162,"column":98}},"type":"cond-expr","locations":[{"start":{"line":162,"column":65},"end":{"line":162,"column":92}},{"start":{"line":162,"column":95},"end":{"line":162,"column":98}}],"line":162},"23":{"loc":{"start":{"line":172,"column":46},"end":{"line":172,"column":86}},"type":"cond-expr","locations":[{"start":{"line":172,"column":59},"end":{"line":172,"column":80}},{"start":{"line":172,"column":83},"end":{"line":172,"column":86}}],"line":172},"24":{"loc":{"start":{"line":182,"column":9},"end":{"line":182,"column":103}},"type":"binary-expr","locations":[{"start":{"line":182,"column":9},"end":{"line":182,"column":14}},{"start":{"line":182,"column":18},"end":{"line":182,"column":103}}],"line":182},"25":{"loc":{"start":{"line":183,"column":9},"end":{"line":183,"column":99}},"type":"binary-expr","locations":[{"start":{"line":183,"column":9},"end":{"line":183,"column":11}},{"start":{"line":183,"column":15},"end":{"line":183,"column":99}}],"line":183},"26":{"loc":{"start":{"line":189,"column":13},"end":{"line":189,"column":70}},"type":"cond-expr","locations":[{"start":{"line":189,"column":31},"end":{"line":189,"column":48}},{"start":{"line":189,"column":51},"end":{"line":189,"column":70}}],"line":189}},"s":{"0":1,"1":13,"2":13,"3":13,"4":13,"5":13,"6":13,"7":13,"8":13,"9":13,"10":13,"11":13,"12":4,"13":0,"14":4,"15":13,"16":3,"17":3,"18":1,"19":1,"20":1,"21":1,"22":2,"23":2,"24":13,"25":39,"26":13,"27":6,"28":6,"29":6,"30":6,"31":6,"32":6,"33":13,"34":1,"35":1,"36":0,"37":1,"38":0,"39":1,"40":0,"41":1,"42":0,"43":1,"44":13,"45":1,"46":1,"47":1,"48":1,"49":0,"50":1,"51":1,"52":1,"53":1,"54":1,"55":0,"56":0,"57":0,"58":0,"59":13,"60":0,"61":0,"62":13,"63":13,"64":52},"f":{"0":13,"1":13,"2":13,"3":4,"4":3,"5":1,"6":1,"7":2,"8":39,"9":6,"10":1,"11":1,"12":0,"13":0,"14":13,"15":52},"b":{"0":[0,4],"1":[0,0],"2":[0,0],"3":[1,2],"4":[1,0],"5":[1,1],"6":[39,28],"7":[6,4],"8":[6,5],"9":[6,5],"10":[1,0],"11":[0,1],"12":[0,1],"13":[0,1],"14":[1,1,1],"15":[0,1],"16":[0,1],"17":[1,1],"18":[0,1],"19":[1,0],"20":[0,1],"21":[0,0],"22":[3,10],"23":[3,10],"24":[13,0],"25":[13,1],"26":[0,13]},"_coverageSchema":"1a1c01bbd47fc00a2c39e90264f33305004495a9","hash":"2beda802dafd953a26beba0d1adca6c735425718"}
,"C:\\Users\\juanc\\OneDrive\\Documentos\\Ing Soft 2\\Proyecto_Ingesoft2\\src\\components\\ListaCDT.jsx": {"path":"C:\\Users\\juanc\\OneDrive\\Documentos\\Ing Soft 2\\Proyecto_Ingesoft2\\src\\components\\ListaCDT.jsx","statementMap":{"0":{"start":{"line":7,"column":24},"end":{"line":194,"column":1}},"1":{"start":{"line":8,"column":19},"end":{"line":8,"column":32}},"2":{"start":{"line":9,"column":19},"end":{"line":9,"column":32}},"3":{"start":{"line":10,"column":34},"end":{"line":10,"column":59}},"4":{"start":{"line":10,"column":53},"end":{"line":10,"column":58}},"5":{"start":{"line":11,"column":18},"end":{"line":11,"column":44}},"6":{"start":{"line":11,"column":37},"end":{"line":11,"column":43}},"7":{"start":{"line":12,"column":38},"end":{"line":12,"column":50}},"8":{"start":{"line":13,"column":30},"end":{"line":13,"column":47}},"9":{"start":{"line":15,"column":18},"end":{"line":15,"column":94}},"10":{"start":{"line":17,"column":2},"end":{"line":19,"column":22}},"11":{"start":{"line":18,"column":4},"end":{"line":18,"column":49}},"12":{"start":{"line":18,"column":13},"end":{"line":18,"column":49}},"13":{"start":{"line":21,"column":20},"end":{"line":26,"column":21}},"14":{"start":{"line":22,"column":4},"end":{"line":26,"column":21}},"15":{"start":{"line":28,"column":22},"end":{"line":39,"column":3}},"16":{"start":{"line":29,"column":4},"end":{"line":29,"column":23}},"17":{"start":{"line":29,"column":12},"end":{"line":29,"column":23}},"18":{"start":{"line":30,"column":4},"end":{"line":38,"column":5}},"19":{"start":{"line":31,"column":16},"end":{"line":31,"column":74}},"20":{"start":{"line":32,"column":6},"end":{"line":35,"column":9}},"21":{"start":{"line":37,"column":6},"end":{"line":37,"column":17}},"22":{"start":{"line":41,"column":20},"end":{"line":48,"column":19}},"23":{"start":{"line":42,"column":5},"end":{"line":48,"column":18}},"24":{"start":{"line":51,"column":23},"end":{"line":54,"column":3}},"25":{"start":{"line":52,"column":4},"end":{"line":52,"column":57}},"26":{"start":{"line":53,"column":4},"end":{"line":53,"column":36}},"27":{"start":{"line":56,"column":19},"end":{"line":59,"column":3}},"28":{"start":{"line":57,"column":4},"end":{"line":57,"column":48}},"29":{"start":{"line":58,"column":4},"end":{"line":58,"column":32}},"30":{"start":{"line":61,"column":21},"end":{"line":66,"column":3}},"31":{"start":{"line":62,"column":4},"end":{"line":65,"column":5}},"32":{"start":{"line":63,"column":16},"end":{"line":63,"column":56}},"33":{"start":{"line":64,"column":6},"end":{"line":64,"column":55}},"34":{"start":{"line":64,"column":22},"end":{"line":64,"column":55}},"35":{"start":{"line":68,"column":18},"end":{"line":75,"column":5}},"36":{"start":{"line":69,"column":20},"end":{"line":69,"column":67}},"37":{"start":{"line":71,"column":6},"end":{"line":74,"column":43}},"38":{"start":{"line":77,"column":2},"end":{"line":193,"column":4}},"39":{"start":{"line":84,"column":27},"end":{"line":84,"column":56}},"40":{"start":{"line":89,"column":27},"end":{"line":89,"column":52}},"41":{"start":{"line":93,"column":12},"end":{"line":95,"column":21}},"42":{"start":{"line":122,"column":16},"end":{"line":186,"column":21}},"43":{"start":{"line":136,"column":39},"end":{"line":136,"column":57}},"44":{"start":{"line":153,"column":41},"end":{"line":153,"column":52}},"45":{"start":{"line":170,"column":41},"end":{"line":170,"column":57}}},"fnMap":{"0":{"name":"(anonymous_0)","decl":{"start":{"line":7,"column":24},"end":{"line":7,"column":25}},"loc":{"start":{"line":7,"column":30},"end":{"line":194,"column":1}},"line":7},"1":{"name":"(anonymous_1)","decl":{"start":{"line":10,"column":46},"end":{"line":10,"column":47}},"loc":{"start":{"line":10,"column":53},"end":{"line":10,"column":58}},"line":10},"2":{"name":"(anonymous_2)","decl":{"start":{"line":11,"column":30},"end":{"line":11,"column":31}},"loc":{"start":{"line":11,"column":37},"end":{"line":11,"column":43}},"line":11},"3":{"name":"(anonymous_3)","decl":{"start":{"line":17,"column":12},"end":{"line":17,"column":13}},"loc":{"start":{"line":17,"column":18},"end":{"line":19,"column":3}},"line":17},"4":{"name":"(anonymous_4)","decl":{"start":{"line":21,"column":20},"end":{"line":21,"column":21}},"loc":{"start":{"line":22,"column":4},"end":{"line":26,"column":21}},"line":22},"5":{"name":"(anonymous_5)","decl":{"start":{"line":28,"column":22},"end":{"line":28,"column":23}},"loc":{"start":{"line":28,"column":29},"end":{"line":39,"column":3}},"line":28},"6":{"name":"(anonymous_6)","decl":{"start":{"line":41,"column":20},"end":{"line":41,"column":21}},"loc":{"start":{"line":42,"column":5},"end":{"line":48,"column":18}},"line":42},"7":{"name":"(anonymous_7)","decl":{"start":{"line":51,"column":23},"end":{"line":51,"column":24}},"loc":{"start":{"line":51,"column":40},"end":{"line":54,"column":3}},"line":51},"8":{"name":"(anonymous_8)","decl":{"start":{"line":56,"column":19},"end":{"line":56,"column":20}},"loc":{"start":{"line":56,"column":26},"end":{"line":59,"column":3}},"line":56},"9":{"name":"(anonymous_9)","decl":{"start":{"line":61,"column":21},"end":{"line":61,"column":22}},"loc":{"start":{"line":61,"column":35},"end":{"line":66,"column":3}},"line":61},"10":{"name":"(anonymous_10)","decl":{"start":{"line":69,"column":12},"end":{"line":69,"column":13}},"loc":{"start":{"line":69,"column":20},"end":{"line":69,"column":67}},"line":69},"11":{"name":"(anonymous_11)","decl":{"start":{"line":70,"column":12},"end":{"line":70,"column":13}},"loc":{"start":{"line":71,"column":6},"end":{"line":74,"column":43}},"line":71},"12":{"name":"(anonymous_12)","decl":{"start":{"line":84,"column":20},"end":{"line":84,"column":21}},"loc":{"start":{"line":84,"column":27},"end":{"line":84,"column":56}},"line":84},"13":{"name":"(anonymous_13)","decl":{"start":{"line":89,"column":20},"end":{"line":89,"column":21}},"loc":{"start":{"line":89,"column":27},"end":{"line":89,"column":52}},"line":89},"14":{"name":"(anonymous_14)","decl":{"start":{"line":92,"column":23},"end":{"line":92,"column":24}},"loc":{"start":{"line":93,"column":12},"end":{"line":95,"column":21}},"line":93},"15":{"name":"(anonymous_15)","decl":{"start":{"line":121,"column":27},"end":{"line":121,"column":28}},"loc":{"start":{"line":122,"column":16},"end":{"line":186,"column":21}},"line":122},"16":{"name":"(anonymous_16)","decl":{"start":{"line":136,"column":33},"end":{"line":136,"column":34}},"loc":{"start":{"line":136,"column":39},"end":{"line":136,"column":57}},"line":136},"17":{"name":"(anonymous_17)","decl":{"start":{"line":153,"column":35},"end":{"line":153,"column":36}},"loc":{"start":{"line":153,"column":41},"end":{"line":153,"column":52}},"line":153},"18":{"name":"(anonymous_18)","decl":{"start":{"line":170,"column":35},"end":{"line":170,"column":36}},"loc":{"start":{"line":170,"column":41},"end":{"line":170,"column":57}},"line":170}},"branchMap":{"0":{"loc":{"start":{"line":18,"column":4},"end":{"line":18,"column":49}},"type":"if","locations":[{"start":{"line":18,"column":4},"end":{"line":18,"column":49}},{"start":{},"end":{}}],"line":18},"1":{"loc":{"start":{"line":26,"column":14},"end":{"line":26,"column":20}},"type":"binary-expr","locations":[{"start":{"line":26,"column":14},"end":{"line":26,"column":15}},{"start":{"line":26,"column":19},"end":{"line":26,"column":20}}],"line":26},"2":{"loc":{"start":{"line":29,"column":4},"end":{"line":29,"column":23}},"type":"if","locations":[{"start":{"line":29,"column":4},"end":{"line":29,"column":23}},{"start":{},"end":{}}],"line":29},"3":{"loc":{"start":{"line":31,"column":16},"end":{"line":31,"column":74}},"type":"cond-expr","locations":[{"start":{"line":31,"column":50},"end":{"line":31,"column":60}},{"start":{"line":31,"column":63},"end":{"line":31,"column":74}}],"line":31},"4":{"loc":{"start":{"line":42,"column":5},"end":{"line":48,"column":18}},"type":"binary-expr","locations":[{"start":{"line":42,"column":5},"end":{"line":48,"column":8}},{"start":{"line":48,"column":12},"end":{"line":48,"column":18}}],"line":42},"5":{"loc":{"start":{"line":62,"column":4},"end":{"line":65,"column":5}},"type":"if","locations":[{"start":{"line":62,"column":4},"end":{"line":65,"column":5}},{"start":{},"end":{}}],"line":62},"6":{"loc":{"start":{"line":64,"column":6},"end":{"line":64,"column":55}},"type":"if","locations":[{"start":{"line":64,"column":6},"end":{"line":64,"column":55}},{"start":{},"end":{}}],"line":64},"7":{"loc":{"start":{"line":68,"column":19},"end":{"line":68,"column":36}},"type":"binary-expr","locations":[{"start":{"line":68,"column":19},"end":{"line":68,"column":30}},{"start":{"line":68,"column":34},"end":{"line":68,"column":36}}],"line":68},"8":{"loc":{"start":{"line":69,"column":20},"end":{"line":69,"column":67}},"type":"cond-expr","locations":[{"start":{"line":69,"column":41},"end":{"line":69,"column":45}},{"start":{"line":69,"column":48},"end":{"line":69,"column":67}}],"line":69},"9":{"loc":{"start":{"line":100,"column":7},"end":{"line":100,"column":61}},"type":"binary-expr","locations":[{"start":{"line":100,"column":7},"end":{"line":100,"column":27}},{"start":{"line":100,"column":31},"end":{"line":100,"column":61}}],"line":100},"10":{"loc":{"start":{"line":101,"column":7},"end":{"line":105,"column":7}},"type":"binary-expr","locations":[{"start":{"line":101,"column":7},"end":{"line":101,"column":27}},{"start":{"line":101,"column":31},"end":{"line":101,"column":51}},{"start":{"line":102,"column":8},"end":{"line":104,"column":12}}],"line":101},"11":{"loc":{"start":{"line":107,"column":7},"end":{"line":191,"column":7}},"type":"binary-expr","locations":[{"start":{"line":107,"column":7},"end":{"line":107,"column":25}},{"start":{"line":108,"column":8},"end":{"line":190,"column":14}}],"line":107},"12":{"loc":{"start":{"line":125,"column":21},"end":{"line":125,"column":74}},"type":"cond-expr","locations":[{"start":{"line":125,"column":36},"end":{"line":125,"column":54}},{"start":{"line":125,"column":57},"end":{"line":125,"column":74}}],"line":125},"13":{"loc":{"start":{"line":127,"column":52},"end":{"line":127,"column":70}},"type":"binary-expr","locations":[{"start":{"line":127,"column":52},"end":{"line":127,"column":65}},{"start":{"line":127,"column":69},"end":{"line":127,"column":70}}],"line":127},"14":{"loc":{"start":{"line":151,"column":23},"end":{"line":166,"column":23}},"type":"binary-expr","locations":[{"start":{"line":151,"column":24},"end":{"line":151,"column":47}},{"start":{"line":151,"column":51},"end":{"line":151,"column":79}},{"start":{"line":152,"column":24},"end":{"line":165,"column":33}}],"line":151},"15":{"loc":{"start":{"line":168,"column":23},"end":{"line":183,"column":23}},"type":"binary-expr","locations":[{"start":{"line":168,"column":23},"end":{"line":168,"column":46}},{"start":{"line":169,"column":24},"end":{"line":182,"column":33}}],"line":168}},"s":{"0":2,"1":14,"2":14,"3":14,"4":14,"5":14,"6":14,"7":14,"8":14,"9":14,"10":14,"11":11,"12":11,"13":14,"14":22,"15":14,"16":22,"17":5,"18":17,"19":17,"20":17,"21":0,"22":14,"23":22,"24":14,"25":1,"26":1,"27":14,"28":1,"29":1,"30":14,"31":2,"32":2,"33":2,"34":1,"35":14,"36":26,"37":23,"38":14,"39":1,"40":2,"41":84,"42":22,"43":1,"44":1,"45":2},"f":{"0":14,"1":14,"2":14,"3":11,"4":22,"5":22,"6":22,"7":1,"8":1,"9":2,"10":26,"11":23,"12":1,"13":2,"14":84,"15":22,"16":1,"17":1,"18":2},"b":{"0":[11,0],"1":[22,0],"2":[5,17],"3":[0,17],"4":[22,0],"5":[2,0],"6":[1,1],"7":[14,0],"8":[22,4],"9":[14,0],"10":[14,2,2],"11":[14,12],"12":[10,12],"13":[22,0],"14":[22,11,11],"15":[22,11]},"_coverageSchema":"1a1c01bbd47fc00a2c39e90264f33305004495a9","hash":"66528b3ee1a30642b783a59d2dde085b1591fa1d"}
,"C:\\Users\\juanc\\OneDrive\\Documentos\\Ing Soft 2\\Proyecto_Ingesoft2\\src\\components\\ProtectedRoute.jsx": {"path":"C:\\Users\\juanc\\OneDrive\\Documentos\\Ing Soft 2\\Proyecto_Ingesoft2\\src\\components\\ProtectedRoute.jsx","statementMap":{"0":{"start":{"line":5,"column":30},"end":{"line":9,"column":1}},"1":{"start":{"line":6,"column":21},"end":{"line":6,"column":47}},"2":{"start":{"line":6,"column":40},"end":{"line":6,"column":46}},"3":{"start":{"line":7,"column":2},"end":{"line":7,"column":74}},"4":{"start":{"line":7,"column":34},"end":{"line":7,"column":74}},"5":{"start":{"line":8,"column":2},"end":{"line":8,"column":18}}},"fnMap":{"0":{"name":"(anonymous_0)","decl":{"start":{"line":5,"column":30},"end":{"line":5,"column":31}},"loc":{"start":{"line":5,"column":48},"end":{"line":9,"column":1}},"line":5},"1":{"name":"(anonymous_1)","decl":{"start":{"line":6,"column":33},"end":{"line":6,"column":34}},"loc":{"start":{"line":6,"column":40},"end":{"line":6,"column":46}},"line":6}},"branchMap":{"0":{"loc":{"start":{"line":7,"column":2},"end":{"line":7,"column":74}},"type":"if","locations":[{"start":{"line":7,"column":2},"end":{"line":7,"column":74}},{"start":{},"end":{}}],"line":7}},"s":{"0":1,"1":3,"2":6,"3":3,"4":0,"5":3},"f":{"0":3,"1":6},"b":{"0":[0,3]},"_coverageSchema":"1a1c01bbd47fc00a2c39e90264f33305004495a9","hash":"046bdcb184a5a2bf69d7a984e597c576d0f172e5"}
,"C:\\Users\\juanc\\OneDrive\\Documentos\\Ing Soft 2\\Proyecto_Ingesoft2\\src\\components\\login.jsx": {"path":"C:\\Users\\juanc\\OneDrive\\Documentos\\Ing Soft 2\\Proyecto_Ingesoft2\\src\\components\\login.jsx","statementMap":{"0":{"start":{"line":7,"column":21},"end":{"line":150,"column":1}},"1":{"start":{"line":8,"column":19},"end":{"line":8,"column":32}},"2":{"start":{"line":9,"column":19},"end":{"line":9,"column":32}},"3":{"start":{"line":10,"column":21},"end":{"line":10,"column":55}},"4":{"start":{"line":10,"column":44},"end":{"line":10,"column":54}},"5":{"start":{"line":12,"column":36},"end":{"line":15,"column":4}},"6":{"start":{"line":17,"column":30},"end":{"line":17,"column":42}},"7":{"start":{"line":18,"column":38},"end":{"line":18,"column":50}},"8":{"start":{"line":20,"column":30},"end":{"line":20,"column":39}},"9":{"start":{"line":22,"column":2},"end":{"line":26,"column":25}},"10":{"start":{"line":23,"column":4},"end":{"line":25,"column":5}},"11":{"start":{"line":24,"column":6},"end":{"line":24,"column":29}},"12":{"start":{"line":28,"column":24},"end":{"line":39,"column":3}},"13":{"start":{"line":29,"column":28},"end":{"line":29,"column":38}},"14":{"start":{"line":30,"column":4},"end":{"line":33,"column":7}},"15":{"start":{"line":35,"column":4},"end":{"line":37,"column":5}},"16":{"start":{"line":36,"column":6},"end":{"line":36,"column":43}},"17":{"start":{"line":38,"column":4},"end":{"line":38,"column":22}},"18":{"start":{"line":41,"column":23},"end":{"line":58,"column":3}},"19":{"start":{"line":42,"column":22},"end":{"line":42,"column":24}},"20":{"start":{"line":44,"column":4},"end":{"line":48,"column":5}},"21":{"start":{"line":45,"column":6},"end":{"line":45,"column":49}},"22":{"start":{"line":46,"column":11},"end":{"line":48,"column":5}},"23":{"start":{"line":47,"column":6},"end":{"line":47,"column":49}},"24":{"start":{"line":50,"column":4},"end":{"line":54,"column":5}},"25":{"start":{"line":51,"column":6},"end":{"line":51,"column":56}},"26":{"start":{"line":52,"column":11},"end":{"line":54,"column":5}},"27":{"start":{"line":53,"column":6},"end":{"line":53,"column":76}},"28":{"start":{"line":56,"column":4},"end":{"line":56,"column":25}},"29":{"start":{"line":57,"column":4},"end":{"line":57,"column":47}},"30":{"start":{"line":60,"column":24},"end":{"line":73,"column":3}},"31":{"start":{"line":61,"column":4},"end":{"line":61,"column":23}},"32":{"start":{"line":62,"column":4},"end":{"line":62,"column":22}},"33":{"start":{"line":64,"column":4},"end":{"line":66,"column":5}},"34":{"start":{"line":65,"column":6},"end":{"line":65,"column":13}},"35":{"start":{"line":68,"column":4},"end":{"line":72,"column":5}},"36":{"start":{"line":69,"column":6},"end":{"line":69,"column":65}},"37":{"start":{"line":71,"column":6},"end":{"line":71,"column":85}},"38":{"start":{"line":75,"column":24},"end":{"line":81,"column":3}},"39":{"start":{"line":76,"column":4},"end":{"line":80,"column":5}},"40":{"start":{"line":77,"column":6},"end":{"line":77,"column":40}},"41":{"start":{"line":79,"column":6},"end":{"line":79,"column":77}},"42":{"start":{"line":83,"column":2},"end":{"line":149,"column":4}}},"fnMap":{"0":{"name":"(anonymous_0)","decl":{"start":{"line":7,"column":21},"end":{"line":7,"column":22}},"loc":{"start":{"line":7,"column":27},"end":{"line":150,"column":1}},"line":7},"1":{"name":"(anonymous_1)","decl":{"start":{"line":10,"column":33},"end":{"line":10,"column":34}},"loc":{"start":{"line":10,"column":44},"end":{"line":10,"column":54}},"line":10},"2":{"name":"(anonymous_2)","decl":{"start":{"line":22,"column":12},"end":{"line":22,"column":13}},"loc":{"start":{"line":22,"column":18},"end":{"line":26,"column":3}},"line":22},"3":{"name":"(anonymous_3)","decl":{"start":{"line":28,"column":24},"end":{"line":28,"column":25}},"loc":{"start":{"line":28,"column":33},"end":{"line":39,"column":3}},"line":28},"4":{"name":"(anonymous_4)","decl":{"start":{"line":41,"column":23},"end":{"line":41,"column":24}},"loc":{"start":{"line":41,"column":29},"end":{"line":58,"column":3}},"line":41},"5":{"name":"(anonymous_5)","decl":{"start":{"line":60,"column":24},"end":{"line":60,"column":25}},"loc":{"start":{"line":60,"column":37},"end":{"line":73,"column":3}},"line":60},"6":{"name":"(anonymous_6)","decl":{"start":{"line":75,"column":24},"end":{"line":75,"column":25}},"loc":{"start":{"line":75,"column":36},"end":{"line":81,"column":3}},"line":75}},"branchMap":{"0":{"loc":{"start":{"line":23,"column":4},"end":{"line":25,"column":5}},"type":"if","locations":[{"start":{"line":23,"column":4},"end":{"line":25,"column":5}},{"start":{},"end":{}}],"line":23},"1":{"loc":{"start":{"line":35,"column":4},"end":{"line":37,"column":5}},"type":"if","locations":[{"start":{"line":35,"column":4},"end":{"line":37,"column":5}},{"start":{},"end":{}}],"line":35},"2":{"loc":{"start":{"line":44,"column":4},"end":{"line":48,"column":5}},"type":"if","locations":[{"start":{"line":44,"column":4},"end":{"line":48,"column":5}},{"start":{"line":46,"column":11},"end":{"line":48,"column":5}}],"line":44},"3":{"loc":{"start":{"line":46,"column":11},"end":{"line":48,"column":5}},"type":"if","locations":[{"start":{"line":46,"column":11},"end":{"line":48,"column":5}},{"start":{},"end":{}}],"line":46},"4":{"loc":{"start":{"line":50,"column":4},"end":{"line":54,"column":5}},"type":"if","locations":[{"start":{"line":50,"column":4},"end":{"line":54,"column":5}},{"start":{"line":52,"column":11},"end":{"line":54,"column":5}}],"line":50},"5":{"loc":{"start":{"line":52,"column":11},"end":{"line":54,"column":5}},"type":"if","locations":[{"start":{"line":52,"column":11},"end":{"line":54,"column":5}},{"start":{},"end":{}}],"line":52},"6":{"loc":{"start":{"line":64,"column":4},"end":{"line":66,"column":5}},"type":"if","locations":[{"start":{"line":64,"column":4},"end":{"line":66,"column":5}},{"start":{},"end":{}}],"line":64},"7":{"loc":{"start":{"line":89,"column":9},"end":{"line":89,"column":77}},"type":"binary-expr","locations":[{"start":{"line":89,"column":9},"end":{"line":89,"column":19}},{"start":{"line":89,"column":23},"end":{"line":89,"column":77}}],"line":89},"8":{"loc":{"start":{"line":103,"column":39},"end":{"line":103,"column":77}},"type":"cond-expr","locations":[{"start":{"line":103,"column":54},"end":{"line":103,"column":72}},{"start":{"line":103,"column":75},"end":{"line":103,"column":77}}],"line":103},"9":{"loc":{"start":{"line":105,"column":13},"end":{"line":107,"column":13}},"type":"binary-expr","locations":[{"start":{"line":105,"column":13},"end":{"line":105,"column":25}},{"start":{"line":106,"column":14},"end":{"line":106,"column":69}}],"line":105},"10":{"loc":{"start":{"line":121,"column":39},"end":{"line":121,"column":80}},"type":"cond-expr","locations":[{"start":{"line":121,"column":57},"end":{"line":121,"column":75}},{"start":{"line":121,"column":78},"end":{"line":121,"column":80}}],"line":121},"11":{"loc":{"start":{"line":123,"column":13},"end":{"line":125,"column":13}},"type":"binary-expr","locations":[{"start":{"line":123,"column":13},"end":{"line":123,"column":28}},{"start":{"line":124,"column":14},"end":{"line":124,"column":72}}],"line":123}},"s":{"0":1,"1":0,"2":0,"3":0,"4":0,"5":0,"6":0,"7":0,"8":0,"9":0,"10":0,"11":0,"12":0,"13":0,"14":0,"15":0,"16":0,"17":0,"18":0,"19":0,"20":0,"21":0,"22":0,"23":0,"24":0,"25":0,"26":0,"27":0,"28":0,"29":0,"30":0,"31":0,"32":0,"33":0,"34":0,"35":0,"36":0,"37":0,"38":0,"39":0,"40":0,"41":0,"42":0},"f":{"0":0,"1":0,"2":0,"3":0,"4":0,"5":0,"6":0},"b":{"0":[0,0],"1":[0,0],"2":[0,0],"3":[0,0],"4":[0,0],"5":[0,0],"6":[0,0],"7":[0,0],"8":[0,0],"9":[0,0],"10":[0,0],"11":[0,0]},"_coverageSchema":"1a1c01bbd47fc00a2c39e90264f33305004495a9","hash":"589feedc1168f02d3a76db1cf1d60b7753ccd2b5"}
,"C:\\Users\\juanc\\OneDrive\\Documentos\\Ing Soft 2\\Proyecto_Ingesoft2\\src\\components\\registro.jsx": {"path":"C:\\Users\\juanc\\OneDrive\\Documentos\\Ing Soft 2\\Proyecto_Ingesoft2\\src\\components\\registro.jsx","statementMap":{"0":{"start":{"line":6,"column":24},"end":{"line":174,"column":1}},"1":{"start":{"line":7,"column":19},"end":{"line":7,"column":32}},"2":{"start":{"line":8,"column":19},"end":{"line":8,"column":32}},"3":{"start":{"line":9,"column":21},"end":{"line":9,"column":55}},"4":{"start":{"line":9,"column":44},"end":{"line":9,"column":54}},"5":{"start":{"line":11,"column":36},"end":{"line":16,"column":4}},"6":{"start":{"line":18,"column":30},"end":{"line":18,"column":42}},"7":{"start":{"line":20,"column":60},"end":{"line":20,"column":69}},"8":{"start":{"line":22,"column":2},"end":{"line":26,"column":25}},"9":{"start":{"line":23,"column":4},"end":{"line":25,"column":5}},"10":{"start":{"line":24,"column":6},"end":{"line":24,"column":29}},"11":{"start":{"line":28,"column":24},"end":{"line":38,"column":3}},"12":{"start":{"line":29,"column":28},"end":{"line":29,"column":38}},"13":{"start":{"line":30,"column":4},"end":{"line":33,"column":7}},"14":{"start":{"line":35,"column":4},"end":{"line":37,"column":5}},"15":{"start":{"line":36,"column":6},"end":{"line":36,"column":43}},"16":{"start":{"line":40,"column":23},"end":{"line":69,"column":3}},"17":{"start":{"line":41,"column":22},"end":{"line":41,"column":24}},"18":{"start":{"line":43,"column":4},"end":{"line":47,"column":5}},"19":{"start":{"line":44,"column":6},"end":{"line":44,"column":55}},"20":{"start":{"line":45,"column":11},"end":{"line":47,"column":5}},"21":{"start":{"line":46,"column":6},"end":{"line":46,"column":75}},"22":{"start":{"line":49,"column":4},"end":{"line":53,"column":5}},"23":{"start":{"line":50,"column":6},"end":{"line":50,"column":49}},"24":{"start":{"line":51,"column":11},"end":{"line":53,"column":5}},"25":{"start":{"line":52,"column":6},"end":{"line":52,"column":49}},"26":{"start":{"line":55,"column":4},"end":{"line":59,"column":5}},"27":{"start":{"line":56,"column":6},"end":{"line":56,"column":56}},"28":{"start":{"line":57,"column":11},"end":{"line":59,"column":5}},"29":{"start":{"line":58,"column":6},"end":{"line":58,"column":76}},"30":{"start":{"line":61,"column":4},"end":{"line":65,"column":5}},"31":{"start":{"line":62,"column":6},"end":{"line":62,"column":59}},"32":{"start":{"line":63,"column":11},"end":{"line":65,"column":5}},"33":{"start":{"line":64,"column":6},"end":{"line":64,"column":65}},"34":{"start":{"line":67,"column":4},"end":{"line":67,"column":25}},"35":{"start":{"line":68,"column":4},"end":{"line":68,"column":47}},"36":{"start":{"line":71,"column":19},"end":{"line":79,"column":3}},"37":{"start":{"line":72,"column":4},"end":{"line":72,"column":27}},"38":{"start":{"line":74,"column":4},"end":{"line":76,"column":5}},"39":{"start":{"line":75,"column":6},"end":{"line":75,"column":13}},"40":{"start":{"line":78,"column":4},"end":{"line":78,"column":63}},"41":{"start":{"line":81,"column":2},"end":{"line":173,"column":4}}},"fnMap":{"0":{"name":"(anonymous_0)","decl":{"start":{"line":6,"column":24},"end":{"line":6,"column":25}},"loc":{"start":{"line":6,"column":30},"end":{"line":174,"column":1}},"line":6},"1":{"name":"(anonymous_1)","decl":{"start":{"line":9,"column":33},"end":{"line":9,"column":34}},"loc":{"start":{"line":9,"column":44},"end":{"line":9,"column":54}},"line":9},"2":{"name":"(anonymous_2)","decl":{"start":{"line":22,"column":12},"end":{"line":22,"column":13}},"loc":{"start":{"line":22,"column":18},"end":{"line":26,"column":3}},"line":22},"3":{"name":"(anonymous_3)","decl":{"start":{"line":28,"column":24},"end":{"line":28,"column":25}},"loc":{"start":{"line":28,"column":33},"end":{"line":38,"column":3}},"line":28},"4":{"name":"(anonymous_4)","decl":{"start":{"line":40,"column":23},"end":{"line":40,"column":24}},"loc":{"start":{"line":40,"column":29},"end":{"line":69,"column":3}},"line":40},"5":{"name":"(anonymous_5)","decl":{"start":{"line":71,"column":19},"end":{"line":71,"column":20}},"loc":{"start":{"line":71,"column":36},"end":{"line":79,"column":3}},"line":71}},"branchMap":{"0":{"loc":{"start":{"line":23,"column":4},"end":{"line":25,"column":5}},"type":"if","locations":[{"start":{"line":23,"column":4},"end":{"line":25,"column":5}},{"start":{},"end":{}}],"line":23},"1":{"loc":{"start":{"line":35,"column":4},"end":{"line":37,"column":5}},"type":"if","locations":[{"start":{"line":35,"column":4},"end":{"line":37,"column":5}},{"start":{},"end":{}}],"line":35},"2":{"loc":{"start":{"line":43,"column":4},"end":{"line":47,"column":5}},"type":"if","locations":[{"start":{"line":43,"column":4},"end":{"line":47,"column":5}},{"start":{"line":45,"column":11},"end":{"line":47,"column":5}}],"line":43},"3":{"loc":{"start":{"line":45,"column":11},"end":{"line":47,"column":5}},"type":"if","locations":[{"start":{"line":45,"column":11},"end":{"line":47,"column":5}},{"start":{},"end":{}}],"line":45},"4":{"loc":{"start":{"line":49,"column":4},"end":{"line":53,"column":5}},"type":"if","locations":[{"start":{"line":49,"column":4},"end":{"line":53,"column":5}},{"start":{"line":51,"column":11},"end":{"line":53,"column":5}}],"line":49},"5":{"loc":{"start":{"line":51,"column":11},"end":{"line":53,"column":5}},"type":"if","locations":[{"start":{"line":51,"column":11},"end":{"line":53,"column":5}},{"start":{},"end":{}}],"line":51},"6":{"loc":{"start":{"line":55,"column":4},"end":{"line":59,"column":5}},"type":"if","locations":[{"start":{"line":55,"column":4},"end":{"line":59,"column":5}},{"start":{"line":57,"column":11},"end":{"line":59,"column":5}}],"line":55},"7":{"loc":{"start":{"line":57,"column":11},"end":{"line":59,"column":5}},"type":"if","locations":[{"start":{"line":57,"column":11},"end":{"line":59,"column":5}},{"start":{},"end":{}}],"line":57},"8":{"loc":{"start":{"line":61,"column":4},"end":{"line":65,"column":5}},"type":"if","locations":[{"start":{"line":61,"column":4},"end":{"line":65,"column":5}},{"start":{"line":63,"column":11},"end":{"line":65,"column":5}}],"line":61},"9":{"loc":{"start":{"line":63,"column":11},"end":{"line":65,"column":5}},"type":"if","locations":[{"start":{"line":63,"column":11},"end":{"line":65,"column":5}},{"start":{},"end":{}}],"line":63},"10":{"loc":{"start":{"line":74,"column":4},"end":{"line":76,"column":5}},"type":"if","locations":[{"start":{"line":74,"column":4},"end":{"line":76,"column":5}},{"start":{},"end":{}}],"line":74},"11":{"loc":{"start":{"line":99,"column":39},"end":{"line":99,"column":83}},"type":"cond-expr","locations":[{"start":{"line":99,"column":60},"end":{"line":99,"column":78}},{"start":{"line":99,"column":81},"end":{"line":99,"column":83}}],"line":99},"12":{"loc":{"start":{"line":101,"column":13},"end":{"line":103,"column":13}},"type":"binary-expr","locations":[{"start":{"line":101,"column":13},"end":{"line":101,"column":31}},{"start":{"line":102,"column":14},"end":{"line":102,"column":75}}],"line":101},"13":{"loc":{"start":{"line":117,"column":39},"end":{"line":117,"column":77}},"type":"cond-expr","locations":[{"start":{"line":117,"column":54},"end":{"line":117,"column":72}},{"start":{"line":117,"column":75},"end":{"line":117,"column":77}}],"line":117},"14":{"loc":{"start":{"line":119,"column":13},"end":{"line":121,"column":13}},"type":"binary-expr","locations":[{"start":{"line":119,"column":13},"end":{"line":119,"column":25}},{"start":{"line":120,"column":14},"end":{"line":120,"column":69}}],"line":119},"15":{"loc":{"start":{"line":135,"column":39},"end":{"line":135,"column":80}},"type":"cond-expr","locations":[{"start":{"line":135,"column":57},"end":{"line":135,"column":75}},{"start":{"line":135,"column":78},"end":{"line":135,"column":80}}],"line":135},"16":{"loc":{"start":{"line":137,"column":13},"end":{"line":139,"column":13}},"type":"binary-expr","locations":[{"start":{"line":137,"column":13},"end":{"line":137,"column":28}},{"start":{"line":138,"column":14},"end":{"line":138,"column":72}}],"line":137},"17":{"loc":{"start":{"line":153,"column":39},"end":{"line":153,"column":87}},"type":"cond-expr","locations":[{"start":{"line":153,"column":64},"end":{"line":153,"column":82}},{"start":{"line":153,"column":85},"end":{"line":153,"column":87}}],"line":153},"18":{"loc":{"start":{"line":155,"column":13},"end":{"line":157,"column":13}},"type":"binary-expr","locations":[{"start":{"line":155,"column":13},"end":{"line":155,"column":35}},{"start":{"line":156,"column":14},"end":{"line":156,"column":79}}],"line":155}},"s":{"0":1,"1":16,"2":16,"3":16,"4":21,"5":16,"6":16,"7":16,"8":16,"9":5,"10":1,"11":16,"12":8,"13":8,"14":8,"15":0,"16":16,"17":3,"18":3,"19":1,"20":2,"21":0,"22":3,"23":1,"24":2,"25":0,"26":3,"27":1,"28":2,"29":0,"30":3,"31":1,"32":2,"33":1,"34":3,"35":3,"36":16,"37":3,"38":3,"39":2,"40":1,"41":16},"f":{"0":16,"1":21,"2":5,"3":8,"4":3,"5":3},"b":{"0":[1,4],"1":[0,8],"2":[1,2],"3":[0,2],"4":[1,2],"5":[0,2],"6":[1,2],"7":[0,2],"8":[1,2],"9":[1,1],"10":[2,1],"11":[1,15],"12":[16,1],"13":[1,15],"14":[16,1],"15":[1,15],"16":[16,1],"17":[2,14],"18":[16,2]},"_coverageSchema":"1a1c01bbd47fc00a2c39e90264f33305004495a9","hash":"5d5ae2c39f1a827426b449cc29dc3cde4f2acb9d"}
,"C:\\Users\\juanc\\OneDrive\\Documentos\\Ing Soft 2\\Proyecto_Ingesoft2\\src\\firebase\\config.js": {"path":"C:\\Users\\juanc\\OneDrive\\Documentos\\Ing Soft 2\\Proyecto_Ingesoft2\\src\\firebase\\config.js","statementMap":{"0":{"start":{"line":6,"column":23},"end":{"line":14,"column":1}},"1":{"start":{"line":16,"column":12},"end":{"line":16,"column":41}},"2":{"start":{"line":18,"column":13},"end":{"line":18,"column":22}},"3":{"start":{"line":19,"column":11},"end":{"line":19,"column":28}}},"fnMap":{},"branchMap":{},"s":{"0":4,"1":4,"2":4,"3":4},"f":{},"b":{},"_coverageSchema":"1a1c01bbd47fc00a2c39e90264f33305004495a9","hash":"2e0a8c849dbcd6d8a9668a89e73dcf35df4e9237"}
,"C:\\Users\\juanc\\OneDrive\\Documentos\\Ing Soft 2\\Proyecto_Ingesoft2\\src\\store\\slices\\authSlice.ts": {"path":"C:\\Users\\juanc\\OneDrive\\Documentos\\Ing Soft 2\\Proyecto_Ingesoft2\\src\\store\\slices\\authSlice.ts","statementMap":{"0":{"start":{"line":3,"column":25},"end":{"line":34,"column":2}},"1":{"start":{"line":15,"column":6},"end":{"line":15,"column":37}},"2":{"start":{"line":16,"column":6},"end":{"line":16,"column":45}},"3":{"start":{"line":17,"column":6},"end":{"line":17,"column":41}},"4":{"start":{"line":18,"column":6},"end":{"line":18,"column":66}},"5":{"start":{"line":19,"column":6},"end":{"line":19,"column":51}},"6":{"start":{"line":20,"column":6},"end":{"line":20,"column":32}},"7":{"start":{"line":23,"column":6},"end":{"line":23,"column":41}},"8":{"start":{"line":24,"column":6},"end":{"line":24,"column":23}},"9":{"start":{"line":25,"column":6},"end":{"line":25,"column":25}},"10":{"start":{"line":26,"column":6},"end":{"line":26,"column":31}},"11":{"start":{"line":27,"column":6},"end":{"line":27,"column":24}},"12":{"start":{"line":28,"column":6},"end":{"line":28,"column":32}},"13":{"start":{"line":31,"column":6},"end":{"line":31,"column":32}},"14":{"start":{"line":36,"column":57},"end":{"line":36,"column":74}}},"fnMap":{"0":{"name":"(anonymous_0)","decl":{"start":{"line":14,"column":14},"end":{"line":14,"column":15}},"loc":{"start":{"line":14,"column":33},"end":{"line":21,"column":5}},"line":14},"1":{"name":"(anonymous_1)","decl":{"start":{"line":22,"column":12},"end":{"line":22,"column":13}},"loc":{"start":{"line":22,"column":23},"end":{"line":29,"column":5}},"line":22},"2":{"name":"(anonymous_2)","decl":{"start":{"line":30,"column":25},"end":{"line":30,"column":26}},"loc":{"start":{"line":30,"column":36},"end":{"line":32,"column":5}},"line":30}},"branchMap":{"0":{"loc":{"start":{"line":16,"column":18},"end":{"line":16,"column":44}},"type":"binary-expr","locations":[{"start":{"line":16,"column":18},"end":{"line":16,"column":36}},{"start":{"line":16,"column":40},"end":{"line":16,"column":44}}],"line":16},"1":{"loc":{"start":{"line":18,"column":26},"end":{"line":18,"column":65}},"type":"binary-expr","locations":[{"start":{"line":18,"column":26},"end":{"line":18,"column":52}},{"start":{"line":18,"column":56},"end":{"line":18,"column":65}}],"line":18},"2":{"loc":{"start":{"line":19,"column":19},"end":{"line":19,"column":50}},"type":"binary-expr","locations":[{"start":{"line":19,"column":19},"end":{"line":19,"column":38}},{"start":{"line":19,"column":42},"end":{"line":19,"column":50}}],"line":19}},"s":{"0":1,"1":0,"2":0,"3":0,"4":0,"5":0,"6":0,"7":0,"8":0,"9":0,"10":0,"11":0,"12":0,"13":0,"14":1},"f":{"0":0,"1":0,"2":0},"b":{"0":[0,0],"1":[0,0],"2":[0,0]},"_coverageSchema":"1a1c01bbd47fc00a2c39e90264f33305004495a9","hash":"35486f9b3b865109caf23ba3f4947a7e2567dc23"}
,"C:\\Users\\juanc\\OneDrive\\Documentos\\Ing Soft 2\\Proyecto_Ingesoft2\\src\\store\\slices\\cdtSlice.ts": {"path":"C:\\Users\\juanc\\OneDrive\\Documentos\\Ing Soft 2\\Proyecto_Ingesoft2\\src\\store\\slices\\cdtSlice.ts","statementMap":{"0":{"start":{"line":25,"column":31},"end":{"line":31,"column":1}},"1":{"start":{"line":33,"column":24},"end":{"line":91,"column":2}},"2":{"start":{"line":38,"column":6},"end":{"line":38,"column":41}},"3":{"start":{"line":39,"column":6},"end":{"line":39,"column":33}},"4":{"start":{"line":40,"column":6},"end":{"line":40,"column":25}},"5":{"start":{"line":43,"column":6},"end":{"line":43,"column":48}},"6":{"start":{"line":44,"column":6},"end":{"line":44,"column":33}},"7":{"start":{"line":45,"column":6},"end":{"line":45,"column":25}},"8":{"start":{"line":48,"column":20},"end":{"line":50,"column":7}},"9":{"start":{"line":49,"column":17},"end":{"line":49,"column":45}},"10":{"start":{"line":51,"column":6},"end":{"line":56,"column":7}},"11":{"start":{"line":52,"column":8},"end":{"line":55,"column":10}},"12":{"start":{"line":57,"column":6},"end":{"line":57,"column":33}},"13":{"start":{"line":58,"column":6},"end":{"line":58,"column":25}},"14":{"start":{"line":61,"column":6},"end":{"line":63,"column":8}},"15":{"start":{"line":62,"column":17},"end":{"line":62,"column":42}},"16":{"start":{"line":64,"column":6},"end":{"line":64,"column":33}},"17":{"start":{"line":65,"column":6},"end":{"line":65,"column":25}},"18":{"start":{"line":68,"column":6},"end":{"line":68,"column":45}},"19":{"start":{"line":71,"column":6},"end":{"line":71,"column":35}},"20":{"start":{"line":74,"column":6},"end":{"line":74,"column":42}},"21":{"start":{"line":77,"column":6},"end":{"line":77,"column":30}},"22":{"start":{"line":78,"column":6},"end":{"line":78,"column":35}},"23":{"start":{"line":81,"column":6},"end":{"line":81,"column":25}},"24":{"start":{"line":84,"column":6},"end":{"line":84,"column":29}},"25":{"start":{"line":85,"column":6},"end":{"line":85,"column":35}},"26":{"start":{"line":86,"column":6},"end":{"line":86,"column":28}},"27":{"start":{"line":87,"column":6},"end":{"line":87,"column":25}},"28":{"start":{"line":88,"column":6},"end":{"line":88,"column":35}},"29":{"start":{"line":104,"column":4},"end":{"line":104,"column":20}}},"fnMap":{"0":{"name":"(anonymous_0)","decl":{"start":{"line":37,"column":20},"end":{"line":37,"column":21}},"loc":{"start":{"line":37,"column":70},"end":{"line":41,"column":5}},"line":37},"1":{"name":"(anonymous_1)","decl":{"start":{"line":42,"column":18},"end":{"line":42,"column":19}},"loc":{"start":{"line":42,"column":66},"end":{"line":46,"column":5}},"line":42},"2":{"name":"(anonymous_2)","decl":{"start":{"line":47,"column":21},"end":{"line":47,"column":22}},"loc":{"start":{"line":47,"column":60},"end":{"line":59,"column":5}},"line":47},"3":{"name":"(anonymous_3)","decl":{"start":{"line":49,"column":8},"end":{"line":49,"column":9}},"loc":{"start":{"line":49,"column":17},"end":{"line":49,"column":45}},"line":49},"4":{"name":"(anonymous_4)","decl":{"start":{"line":60,"column":21},"end":{"line":60,"column":22}},"loc":{"start":{"line":60,"column":63},"end":{"line":66,"column":5}},"line":60},"5":{"name":"(anonymous_5)","decl":{"start":{"line":62,"column":8},"end":{"line":62,"column":9}},"loc":{"start":{"line":62,"column":17},"end":{"line":62,"column":42}},"line":62},"6":{"name":"(anonymous_6)","decl":{"start":{"line":67,"column":24},"end":{"line":67,"column":25}},"loc":{"start":{"line":67,"column":79},"end":{"line":69,"column":5}},"line":67},"7":{"name":"(anonymous_7)","decl":{"start":{"line":70,"column":26},"end":{"line":70,"column":27}},"loc":{"start":{"line":70,"column":37},"end":{"line":72,"column":5}},"line":70},"8":{"name":"(anonymous_8)","decl":{"start":{"line":73,"column":21},"end":{"line":73,"column":22}},"loc":{"start":{"line":73,"column":63},"end":{"line":75,"column":5}},"line":73},"9":{"name":"(anonymous_9)","decl":{"start":{"line":76,"column":14},"end":{"line":76,"column":15}},"loc":{"start":{"line":76,"column":56},"end":{"line":79,"column":5}},"line":76},"10":{"name":"(anonymous_10)","decl":{"start":{"line":80,"column":16},"end":{"line":80,"column":17}},"loc":{"start":{"line":80,"column":27},"end":{"line":82,"column":5}},"line":80},"11":{"name":"(anonymous_11)","decl":{"start":{"line":83,"column":19},"end":{"line":83,"column":20}},"loc":{"start":{"line":83,"column":30},"end":{"line":89,"column":5}},"line":83}},"branchMap":{"0":{"loc":{"start":{"line":51,"column":6},"end":{"line":56,"column":7}},"type":"if","locations":[{"start":{"line":51,"column":6},"end":{"line":56,"column":7}},{"start":{},"end":{}}],"line":51}},"s":{"0":5,"1":5,"2":0,"3":0,"4":0,"5":0,"6":0,"7":0,"8":0,"9":0,"10":0,"11":0,"12":0,"13":0,"14":0,"15":0,"16":0,"17":0,"18":0,"19":0,"20":0,"21":0,"22":0,"23":0,"24":0,"25":0,"26":0,"27":0,"28":0,"29":5},"f":{"0":0,"1":0,"2":0,"3":0,"4":0,"5":0,"6":0,"7":0,"8":0,"9":0,"10":0,"11":0},"b":{"0":[0,0]},"_coverageSchema":"1a1c01bbd47fc00a2c39e90264f33305004495a9","hash":"c9e1275b47540a8ed01d4490a5cbadad9a2314bf"}
,"C:\\Users\\juanc\\OneDrive\\Documentos\\Ing Soft 2\\Proyecto_Ingesoft2\\src\\store\\thunks\\cdtThunk.jsx": {"path":"C:\\Users\\juanc\\OneDrive\\Documentos\\Ing Soft 2\\Proyecto_Ingesoft2\\src\\store\\thunks\\cdtThunk.jsx","statementMap":{"0":{"start":{"line":12,"column":33},"end":{"line":93,"column":1}},"1":{"start":{"line":13,"column":2},"end":{"line":92,"column":4}},"2":{"start":{"line":14,"column":4},"end":{"line":91,"column":5}},"3":{"start":{"line":15,"column":23},"end":{"line":15,"column":33}},"4":{"start":{"line":16,"column":42},"end":{"line":16,"column":46}},"5":{"start":{"line":18,"column":6},"end":{"line":20,"column":7}},"6":{"start":{"line":19,"column":8},"end":{"line":19,"column":50}},"7":{"start":{"line":22,"column":6},"end":{"line":22,"column":66}},"8":{"start":{"line":24,"column":31},"end":{"line":28,"column":9}},"9":{"start":{"line":30,"column":6},"end":{"line":32,"column":7}},"10":{"start":{"line":31,"column":8},"end":{"line":31,"column":88}},"11":{"start":{"line":34,"column":6},"end":{"line":34,"column":53}},"12":{"start":{"line":36,"column":29},"end":{"line":36,"column":78}},"13":{"start":{"line":39,"column":20},"end":{"line":39,"column":52}},"14":{"start":{"line":40,"column":26},"end":{"line":40,"column":64}},"15":{"start":{"line":41,"column":20},"end":{"line":41,"column":52}},"16":{"start":{"line":43,"column":6},"end":{"line":43,"column":74}},"17":{"start":{"line":45,"column":19},"end":{"line":45,"column":36}},"18":{"start":{"line":46,"column":26},"end":{"line":46,"column":36}},"19":{"start":{"line":47,"column":30},"end":{"line":47,"column":68}},"20":{"start":{"line":48,"column":33},"end":{"line":48,"column":68}},"21":{"start":{"line":50,"column":6},"end":{"line":50,"column":84}},"22":{"start":{"line":53,"column":29},"end":{"line":64,"column":7}},"23":{"start":{"line":66,"column":6},"end":{"line":66,"column":71}},"24":{"start":{"line":68,"column":21},"end":{"line":68,"column":65}},"25":{"start":{"line":70,"column":6},"end":{"line":70,"column":69}},"26":{"start":{"line":72,"column":6},"end":{"line":84,"column":10}},"27":{"start":{"line":86,"column":6},"end":{"line":86,"column":81}},"28":{"start":{"line":88,"column":6},"end":{"line":88,"column":60}},"29":{"start":{"line":89,"column":6},"end":{"line":89,"column":73}},"30":{"start":{"line":90,"column":6},"end":{"line":90,"column":54}},"31":{"start":{"line":95,"column":38},"end":{"line":151,"column":1}},"32":{"start":{"line":96,"column":2},"end":{"line":150,"column":4}},"33":{"start":{"line":97,"column":4},"end":{"line":149,"column":5}},"34":{"start":{"line":98,"column":23},"end":{"line":98,"column":33}},"35":{"start":{"line":99,"column":22},"end":{"line":99,"column":26}},"36":{"start":{"line":101,"column":6},"end":{"line":103,"column":7}},"37":{"start":{"line":102,"column":8},"end":{"line":102,"column":50}},"38":{"start":{"line":105,"column":27},"end":{"line":105,"column":82}},"39":{"start":{"line":108,"column":20},"end":{"line":108,"column":56}},"40":{"start":{"line":109,"column":26},"end":{"line":109,"column":68}},"41":{"start":{"line":110,"column":20},"end":{"line":110,"column":56}},"42":{"start":{"line":112,"column":19},"end":{"line":112,"column":36}},"43":{"start":{"line":113,"column":26},"end":{"line":113,"column":36}},"44":{"start":{"line":114,"column":30},"end":{"line":114,"column":68}},"45":{"start":{"line":115,"column":33},"end":{"line":115,"column":68}},"46":{"start":{"line":117,"column":6},"end":{"line":117,"column":107}},"47":{"start":{"line":119,"column":32},"end":{"line":127,"column":7}},"48":{"start":{"line":129,"column":6},"end":{"line":129,"column":55}},"49":{"start":{"line":131,"column":6},"end":{"line":131,"column":62}},"50":{"start":{"line":133,"column":6},"end":{"line":142,"column":10}},"51":{"start":{"line":144,"column":6},"end":{"line":144,"column":31}},"52":{"start":{"line":146,"column":6},"end":{"line":146,"column":65}},"53":{"start":{"line":147,"column":6},"end":{"line":147,"column":78}},"54":{"start":{"line":148,"column":6},"end":{"line":148,"column":54}},"55":{"start":{"line":153,"column":36},"end":{"line":175,"column":1}},"56":{"start":{"line":154,"column":2},"end":{"line":174,"column":4}},"57":{"start":{"line":155,"column":4},"end":{"line":173,"column":5}},"58":{"start":{"line":156,"column":23},"end":{"line":156,"column":33}},"59":{"start":{"line":157,"column":22},"end":{"line":157,"column":26}},"60":{"start":{"line":159,"column":6},"end":{"line":161,"column":7}},"61":{"start":{"line":160,"column":8},"end":{"line":160,"column":50}},"62":{"start":{"line":163,"column":27},"end":{"line":163,"column":82}},"63":{"start":{"line":164,"column":6},"end":{"line":164,"column":36}},"64":{"start":{"line":166,"column":6},"end":{"line":166,"column":45}},"65":{"start":{"line":168,"column":6},"end":{"line":168,"column":31}},"66":{"start":{"line":170,"column":6},"end":{"line":170,"column":63}},"67":{"start":{"line":171,"column":6},"end":{"line":171,"column":76}},"68":{"start":{"line":172,"column":6},"end":{"line":172,"column":54}},"69":{"start":{"line":177,"column":36},"end":{"line":209,"column":1}},"70":{"start":{"line":178,"column":2},"end":{"line":208,"column":4}},"71":{"start":{"line":179,"column":4},"end":{"line":207,"column":5}},"72":{"start":{"line":180,"column":6},"end":{"line":182,"column":7}},"73":{"start":{"line":181,"column":8},"end":{"line":181,"column":47}},"74":{"start":{"line":184,"column":29},"end":{"line":184,"column":81}},"75":{"start":{"line":185,"column":28},"end":{"line":185,"column":57}},"76":{"start":{"line":187,"column":26},"end":{"line":187,"column":28}},"77":{"start":{"line":189,"column":6},"end":{"line":198,"column":9}},"78":{"start":{"line":190,"column":21},"end":{"line":190,"column":31}},"79":{"start":{"line":191,"column":8},"end":{"line":197,"column":11}},"80":{"start":{"line":200,"column":6},"end":{"line":200,"column":44}},"81":{"start":{"line":202,"column":6},"end":{"line":202,"column":44}},"82":{"start":{"line":204,"column":6},"end":{"line":204,"column":63}},"83":{"start":{"line":205,"column":6},"end":{"line":205,"column":77}},"84":{"start":{"line":206,"column":6},"end":{"line":206,"column":54}},"85":{"start":{"line":211,"column":41},"end":{"line":248,"column":1}},"86":{"start":{"line":212,"column":2},"end":{"line":247,"column":4}},"87":{"start":{"line":213,"column":4},"end":{"line":246,"column":5}},"88":{"start":{"line":214,"column":26},"end":{"line":214,"column":52}},"89":{"start":{"line":215,"column":31},"end":{"line":215,"column":57}},"90":{"start":{"line":217,"column":26},"end":{"line":217,"column":28}},"91":{"start":{"line":219,"column":6},"end":{"line":237,"column":7}},"92":{"start":{"line":220,"column":23},"end":{"line":220,"column":36}},"93":{"start":{"line":221,"column":28},"end":{"line":221,"column":45}},"94":{"start":{"line":223,"column":31},"end":{"line":223,"column":83}},"95":{"start":{"line":224,"column":36},"end":{"line":224,"column":65}},"96":{"start":{"line":226,"column":8},"end":{"line":236,"column":11}},"97":{"start":{"line":227,"column":23},"end":{"line":227,"column":42}},"98":{"start":{"line":228,"column":10},"end":{"line":235,"column":13}},"99":{"start":{"line":239,"column":6},"end":{"line":239,"column":44}},"100":{"start":{"line":241,"column":6},"end":{"line":241,"column":44}},"101":{"start":{"line":243,"column":6},"end":{"line":243,"column":73}},"102":{"start":{"line":244,"column":6},"end":{"line":244,"column":77}},"103":{"start":{"line":245,"column":6},"end":{"line":245,"column":54}}},"fnMap":{"0":{"name":"(anonymous_0)","decl":{"start":{"line":12,"column":33},"end":{"line":12,"column":34}},"loc":{"start":{"line":12,"column":52},"end":{"line":93,"column":1}},"line":12},"1":{"name":"(anonymous_1)","decl":{"start":{"line":13,"column":9},"end":{"line":13,"column":10}},"loc":{"start":{"line":13,"column":39},"end":{"line":92,"column":3}},"line":13},"2":{"name":"(anonymous_2)","decl":{"start":{"line":95,"column":38},"end":{"line":95,"column":39}},"loc":{"start":{"line":95,"column":74},"end":{"line":151,"column":1}},"line":95},"3":{"name":"(anonymous_3)","decl":{"start":{"line":96,"column":9},"end":{"line":96,"column":10}},"loc":{"start":{"line":96,"column":39},"end":{"line":150,"column":3}},"line":96},"4":{"name":"(anonymous_4)","decl":{"start":{"line":153,"column":36},"end":{"line":153,"column":37}},"loc":{"start":{"line":153,"column":53},"end":{"line":175,"column":1}},"line":153},"5":{"name":"(anonymous_5)","decl":{"start":{"line":154,"column":9},"end":{"line":154,"column":10}},"loc":{"start":{"line":154,"column":39},"end":{"line":174,"column":3}},"line":154},"6":{"name":"(anonymous_6)","decl":{"start":{"line":177,"column":36},"end":{"line":177,"column":37}},"loc":{"start":{"line":177,"column":48},"end":{"line":209,"column":1}},"line":177},"7":{"name":"(anonymous_7)","decl":{"start":{"line":178,"column":9},"end":{"line":178,"column":10}},"loc":{"start":{"line":178,"column":29},"end":{"line":208,"column":3}},"line":178},"8":{"name":"(anonymous_8)","decl":{"start":{"line":189,"column":28},"end":{"line":189,"column":29}},"loc":{"start":{"line":189,"column":37},"end":{"line":198,"column":7}},"line":189},"9":{"name":"(anonymous_9)","decl":{"start":{"line":211,"column":41},"end":{"line":211,"column":42}},"loc":{"start":{"line":211,"column":47},"end":{"line":248,"column":1}},"line":211},"10":{"name":"(anonymous_10)","decl":{"start":{"line":212,"column":9},"end":{"line":212,"column":10}},"loc":{"start":{"line":212,"column":29},"end":{"line":247,"column":3}},"line":212},"11":{"name":"(anonymous_11)","decl":{"start":{"line":226,"column":36},"end":{"line":226,"column":37}},"loc":{"start":{"line":226,"column":54},"end":{"line":236,"column":9}},"line":226}},"branchMap":{"0":{"loc":{"start":{"line":18,"column":6},"end":{"line":20,"column":7}},"type":"if","locations":[{"start":{"line":18,"column":6},"end":{"line":20,"column":7}},{"start":{},"end":{}}],"line":18},"1":{"loc":{"start":{"line":30,"column":6},"end":{"line":32,"column":7}},"type":"if","locations":[{"start":{"line":30,"column":6},"end":{"line":32,"column":7}},{"start":{},"end":{}}],"line":30},"2":{"loc":{"start":{"line":39,"column":27},"end":{"line":39,"column":51}},"type":"binary-expr","locations":[{"start":{"line":39,"column":27},"end":{"line":39,"column":46}},{"start":{"line":39,"column":50},"end":{"line":39,"column":51}}],"line":39},"3":{"loc":{"start":{"line":40,"column":33},"end":{"line":40,"column":63}},"type":"binary-expr","locations":[{"start":{"line":40,"column":33},"end":{"line":40,"column":58}},{"start":{"line":40,"column":62},"end":{"line":40,"column":63}}],"line":40},"4":{"loc":{"start":{"line":41,"column":27},"end":{"line":41,"column":51}},"type":"binary-expr","locations":[{"start":{"line":41,"column":27},"end":{"line":41,"column":46}},{"start":{"line":41,"column":50},"end":{"line":41,"column":51}}],"line":41},"5":{"loc":{"start":{"line":57,"column":16},"end":{"line":57,"column":50}},"type":"binary-expr","locations":[{"start":{"line":57,"column":16},"end":{"line":57,"column":36}},{"start":{"line":57,"column":40},"end":{"line":57,"column":50}}],"line":57},"6":{"loc":{"start":{"line":75,"column":21},"end":{"line":75,"column":45}},"type":"binary-expr","locations":[{"start":{"line":75,"column":21},"end":{"line":75,"column":32}},{"start":{"line":75,"column":36},"end":{"line":75,"column":45}}],"line":75},"7":{"loc":{"start":{"line":79,"column":16},"end":{"line":79,"column":50}},"type":"binary-expr","locations":[{"start":{"line":79,"column":16},"end":{"line":79,"column":36}},{"start":{"line":79,"column":40},"end":{"line":79,"column":50}}],"line":79},"8":{"loc":{"start":{"line":89,"column":24},"end":{"line":89,"column":70}},"type":"binary-expr","locations":[{"start":{"line":89,"column":24},"end":{"line":89,"column":37}},{"start":{"line":89,"column":41},"end":{"line":89,"column":70}}],"line":89},"9":{"loc":{"start":{"line":101,"column":6},"end":{"line":103,"column":7}},"type":"if","locations":[{"start":{"line":101,"column":6},"end":{"line":103,"column":7}},{"start":{},"end":{}}],"line":101},"10":{"loc":{"start":{"line":108,"column":27},"end":{"line":108,"column":55}},"type":"binary-expr","locations":[{"start":{"line":108,"column":27},"end":{"line":108,"column":50}},{"start":{"line":108,"column":54},"end":{"line":108,"column":55}}],"line":108},"11":{"loc":{"start":{"line":109,"column":33},"end":{"line":109,"column":67}},"type":"binary-expr","locations":[{"start":{"line":109,"column":33},"end":{"line":109,"column":62}},{"start":{"line":109,"column":66},"end":{"line":109,"column":67}}],"line":109},"12":{"loc":{"start":{"line":110,"column":27},"end":{"line":110,"column":55}},"type":"binary-expr","locations":[{"start":{"line":110,"column":27},"end":{"line":110,"column":50}},{"start":{"line":110,"column":54},"end":{"line":110,"column":55}}],"line":110},"13":{"loc":{"start":{"line":147,"column":24},"end":{"line":147,"column":75}},"type":"binary-expr","locations":[{"start":{"line":147,"column":24},"end":{"line":147,"column":37}},{"start":{"line":147,"column":41},"end":{"line":147,"column":75}}],"line":147},"14":{"loc":{"start":{"line":159,"column":6},"end":{"line":161,"column":7}},"type":"if","locations":[{"start":{"line":159,"column":6},"end":{"line":161,"column":7}},{"start":{},"end":{}}],"line":159},"15":{"loc":{"start":{"line":171,"column":24},"end":{"line":171,"column":73}},"type":"binary-expr","locations":[{"start":{"line":171,"column":24},"end":{"line":171,"column":37}},{"start":{"line":171,"column":41},"end":{"line":171,"column":73}}],"line":171},"16":{"loc":{"start":{"line":180,"column":6},"end":{"line":182,"column":7}},"type":"if","locations":[{"start":{"line":180,"column":6},"end":{"line":182,"column":7}},{"start":{},"end":{}}],"line":180},"17":{"loc":{"start":{"line":195,"column":26},"end":{"line":195,"column":99}},"type":"binary-expr","locations":[{"start":{"line":195,"column":26},"end":{"line":195,"column":71}},{"start":{"line":195,"column":75},"end":{"line":195,"column":99}}],"line":195},"18":{"loc":{"start":{"line":196,"column":30},"end":{"line":196,"column":107}},"type":"binary-expr","locations":[{"start":{"line":196,"column":30},"end":{"line":196,"column":79}},{"start":{"line":196,"column":83},"end":{"line":196,"column":107}}],"line":196},"19":{"loc":{"start":{"line":205,"column":24},"end":{"line":205,"column":74}},"type":"binary-expr","locations":[{"start":{"line":205,"column":24},"end":{"line":205,"column":37}},{"start":{"line":205,"column":41},"end":{"line":205,"column":74}}],"line":205},"20":{"loc":{"start":{"line":232,"column":25},"end":{"line":232,"column":61}},"type":"binary-expr","locations":[{"start":{"line":232,"column":25},"end":{"line":232,"column":48}},{"start":{"line":232,"column":52},"end":{"line":232,"column":61}}],"line":232},"21":{"loc":{"start":{"line":233,"column":28},"end":{"line":233,"column":101}},"type":"binary-expr","locations":[{"start":{"line":233,"column":28},"end":{"line":233,"column":73}},{"start":{"line":233,"column":77},"end":{"line":233,"column":101}}],"line":233},"22":{"loc":{"start":{"line":234,"column":32},"end":{"line":234,"column":109}},"type":"binary-expr","locations":[{"start":{"line":234,"column":32},"end":{"line":234,"column":81}},{"start":{"line":234,"column":85},"end":{"line":234,"column":109}}],"line":234},"23":{"loc":{"start":{"line":244,"column":24},"end":{"line":244,"column":74}},"type":"binary-expr","locations":[{"start":{"line":244,"column":24},"end":{"line":244,"column":37}},{"start":{"line":244,"column":41},"end":{"line":244,"column":74}}],"line":244}},"s":{"0":3,"1":1,"2":0,"3":0,"4":0,"5":0,"6":0,"7":0,"8":0,"9":0,"10":0,"11":0,"12":0,"13":0,"14":0,"15":0,"16":0,"17":0,"18":0,"19":0,"20":0,"21":0,"22":0,"23":0,"24":0,"25":0,"26":0,"27":0,"28":0,"29":0,"30":0,"31":3,"32":0,"33":0,"34":0,"35":0,"36":0,"37":0,"38":0,"39":0,"40":0,"41":0,"42":0,"43":0,"44":0,"45":0,"46":0,"47":0,"48":0,"49":0,"50":0,"51":0,"52":0,"53":0,"54":0,"55":3,"56":0,"57":0,"58":0,"59":0,"60":0,"61":0,"62":0,"63":0,"64":0,"65":0,"66":0,"67":0,"68":0,"69":3,"70":0,"71":0,"72":0,"73":0,"74":0,"75":0,"76":0,"77":0,"78":0,"79":0,"80":0,"81":0,"82":0,"83":0,"84":0,"85":3,"86":0,"87":0,"88":0,"89":0,"90":0,"91":0,"92":0,"93":0,"94":0,"95":0,"96":0,"97":0,"98":0,"99":0,"100":0,"101":0,"102":0,"103":0},"f":{"0":1,"1":0,"2":0,"3":0,"4":0,"5":0,"6":0,"7":0,"8":0,"9":0,"10":0,"11":0},"b":{"0":[0,0],"1":[0,0],"2":[0,0],"3":[0,0],"4":[0,0],"5":[0,0],"6":[0,0],"7":[0,0],"8":[0,0],"9":[0,0],"10":[0,0],"11":[0,0],"12":[0,0],"13":[0,0],"14":[0,0],"15":[0,0],"16":[0,0],"17":[0,0],"18":[0,0],"19":[0,0],"20":[0,0],"21":[0,0],"22":[0,0],"23":[0,0]},"_coverageSchema":"1a1c01bbd47fc00a2c39e90264f33305004495a9","hash":"f89c0bf512151d7481ef52a22c23e44312d4a8a2"}
,"C:\\Users\\juanc\\OneDrive\\Documentos\\Ing Soft 2\\Proyecto_Ingesoft2\\src\\store\\thunks\\loginAuth.jsx": {"path":"C:\\Users\\juanc\\OneDrive\\Documentos\\Ing Soft 2\\Proyecto_Ingesoft2\\src\\store\\thunks\\loginAuth.jsx","statementMap":{"0":{"start":{"line":6,"column":41},"end":{"line":45,"column":1}},"1":{"start":{"line":7,"column":2},"end":{"line":44,"column":4}},"2":{"start":{"line":8,"column":4},"end":{"line":43,"column":5}},"3":{"start":{"line":10,"column":23},"end":{"line":10,"column":78}},"4":{"start":{"line":11,"column":35},"end":{"line":11,"column":48}},"5":{"start":{"line":14,"column":25},"end":{"line":14,"column":49}},"6":{"start":{"line":15,"column":22},"end":{"line":15,"column":46}},"7":{"start":{"line":17,"column":17},"end":{"line":17,"column":25}},"8":{"start":{"line":19,"column":6},"end":{"line":30,"column":7}},"9":{"start":{"line":20,"column":25},"end":{"line":20,"column":39}},"10":{"start":{"line":21,"column":8},"end":{"line":21,"column":41}},"11":{"start":{"line":23,"column":8},"end":{"line":27,"column":11}},"12":{"start":{"line":29,"column":8},"end":{"line":29,"column":76}},"13":{"start":{"line":33,"column":6},"end":{"line":38,"column":10}},"14":{"start":{"line":41,"column":6},"end":{"line":41,"column":63}},"15":{"start":{"line":42,"column":6},"end":{"line":42,"column":38}}},"fnMap":{"0":{"name":"(anonymous_0)","decl":{"start":{"line":6,"column":41},"end":{"line":6,"column":42}},"loc":{"start":{"line":6,"column":62},"end":{"line":45,"column":1}},"line":6},"1":{"name":"(anonymous_1)","decl":{"start":{"line":7,"column":9},"end":{"line":7,"column":10}},"loc":{"start":{"line":7,"column":29},"end":{"line":44,"column":3}},"line":7}},"branchMap":{"0":{"loc":{"start":{"line":19,"column":6},"end":{"line":30,"column":7}},"type":"if","locations":[{"start":{"line":19,"column":6},"end":{"line":30,"column":7}},{"start":{"line":28,"column":13},"end":{"line":30,"column":7}}],"line":19},"1":{"loc":{"start":{"line":21,"column":15},"end":{"line":21,"column":40}},"type":"binary-expr","locations":[{"start":{"line":21,"column":15},"end":{"line":21,"column":28}},{"start":{"line":21,"column":32},"end":{"line":21,"column":40}}],"line":21},"2":{"loc":{"start":{"line":25,"column":23},"end":{"line":25,"column":58}},"type":"binary-expr","locations":[{"start":{"line":25,"column":23},"end":{"line":25,"column":34}},{"start":{"line":25,"column":38},"end":{"line":25,"column":58}}],"line":25},"3":{"loc":{"start":{"line":36,"column":21},"end":{"line":36,"column":76}},"type":"binary-expr","locations":[{"start":{"line":36,"column":21},"end":{"line":36,"column":32}},{"start":{"line":36,"column":36},"end":{"line":36,"column":63}},{"start":{"line":36,"column":67},"end":{"line":36,"column":76}}],"line":36}},"s":{"0":1,"1":0,"2":0,"3":0,"4":0,"5":0,"6":0,"7":0,"8":0,"9":0,"10":0,"11":0,"12":0,"13":0,"14":0,"15":0},"f":{"0":0,"1":0},"b":{"0":[0,0],"1":[0,0],"2":[0,0],"3":[0,0,0]},"_coverageSchema":"1a1c01bbd47fc00a2c39e90264f33305004495a9","hash":"d303df4d783426416f3fcf99fb2238fafd75ac2c"}
,"C:\\Users\\juanc\\OneDrive\\Documentos\\Ing Soft 2\\Proyecto_Ingesoft2\\src\\store\\thunks\\loginGoogle.jsx": {"path":"C:\\Users\\juanc\\OneDrive\\Documentos\\Ing Soft 2\\Proyecto_Ingesoft2\\src\\store\\thunks\\loginGoogle.jsx","statementMap":{"0":{"start":{"line":6,"column":31},"end":{"line":49,"column":1}},"1":{"start":{"line":7,"column":2},"end":{"line":48,"column":4}},"2":{"start":{"line":8,"column":4},"end":{"line":47,"column":5}},"3":{"start":{"line":9,"column":23},"end":{"line":9,"column":47}},"4":{"start":{"line":10,"column":23},"end":{"line":10,"column":60}},"5":{"start":{"line":11,"column":42},"end":{"line":11,"column":55}},"6":{"start":{"line":14,"column":25},"end":{"line":14,"column":49}},"7":{"start":{"line":15,"column":22},"end":{"line":15,"column":46}},"8":{"start":{"line":17,"column":17},"end":{"line":17,"column":25}},"9":{"start":{"line":19,"column":6},"end":{"line":32,"column":7}},"10":{"start":{"line":21,"column":8},"end":{"line":21,"column":47}},"11":{"start":{"line":24,"column":8},"end":{"line":31,"column":11}},"12":{"start":{"line":35,"column":6},"end":{"line":40,"column":10}},"13":{"start":{"line":42,"column":6},"end":{"line":42,"column":48}},"14":{"start":{"line":45,"column":6},"end":{"line":45,"column":65}},"15":{"start":{"line":46,"column":6},"end":{"line":46,"column":18}}},"fnMap":{"0":{"name":"(anonymous_0)","decl":{"start":{"line":6,"column":31},"end":{"line":6,"column":32}},"loc":{"start":{"line":6,"column":37},"end":{"line":49,"column":1}},"line":6},"1":{"name":"(anonymous_1)","decl":{"start":{"line":7,"column":9},"end":{"line":7,"column":10}},"loc":{"start":{"line":7,"column":29},"end":{"line":48,"column":3}},"line":7}},"branchMap":{"0":{"loc":{"start":{"line":19,"column":6},"end":{"line":32,"column":7}},"type":"if","locations":[{"start":{"line":19,"column":6},"end":{"line":32,"column":7}},{"start":{"line":22,"column":13},"end":{"line":32,"column":7}}],"line":19},"1":{"loc":{"start":{"line":21,"column":15},"end":{"line":21,"column":46}},"type":"binary-expr","locations":[{"start":{"line":21,"column":15},"end":{"line":21,"column":34}},{"start":{"line":21,"column":38},"end":{"line":21,"column":46}}],"line":21},"2":{"loc":{"start":{"line":27,"column":23},"end":{"line":27,"column":47}},"type":"binary-expr","locations":[{"start":{"line":27,"column":23},"end":{"line":27,"column":34}},{"start":{"line":27,"column":38},"end":{"line":27,"column":47}}],"line":27}},"s":{"0":1,"1":0,"2":0,"3":0,"4":0,"5":0,"6":0,"7":0,"8":0,"9":0,"10":0,"11":0,"12":0,"13":0,"14":0,"15":0},"f":{"0":0,"1":0},"b":{"0":[0,0],"1":[0,0],"2":[0,0]},"_coverageSchema":"1a1c01bbd47fc00a2c39e90264f33305004495a9","hash":"559e60792ac25c8f9d7f1af6898abbeafb8d59b8"}
,"C:\\Users\\juanc\\OneDrive\\Documentos\\Ing Soft 2\\Proyecto_Ingesoft2\\src\\store\\thunks\\userThunk.jsx": {"path":"C:\\Users\\juanc\\OneDrive\\Documentos\\Ing Soft 2\\Proyecto_Ingesoft2\\src\\store\\thunks\\userThunk.jsx","statementMap":{"0":{"start":{"line":4,"column":39},"end":{"line":43,"column":1}},"1":{"start":{"line":5,"column":2},"end":{"line":42,"column":4}},"2":{"start":{"line":6,"column":4},"end":{"line":41,"column":5}},"3":{"start":{"line":7,"column":42},"end":{"line":7,"column":50}},"4":{"start":{"line":9,"column":6},"end":{"line":11,"column":7}},"5":{"start":{"line":10,"column":8},"end":{"line":10,"column":55}},"6":{"start":{"line":13,"column":22},"end":{"line":13,"column":46}},"7":{"start":{"line":15,"column":22},"end":{"line":15,"column":43}},"8":{"start":{"line":17,"column":6},"end":{"line":37,"column":7}},"9":{"start":{"line":18,"column":8},"end":{"line":20,"column":28}},"10":{"start":{"line":22,"column":8},"end":{"line":22,"column":49}},"11":{"start":{"line":23,"column":8},"end":{"line":23,"column":60}},"12":{"start":{"line":25,"column":29},"end":{"line":31,"column":9}},"13":{"start":{"line":33,"column":8},"end":{"line":33,"column":44}},"14":{"start":{"line":35,"column":8},"end":{"line":35,"column":57}},"15":{"start":{"line":36,"column":8},"end":{"line":36,"column":59}},"16":{"start":{"line":39,"column":6},"end":{"line":39,"column":65}},"17":{"start":{"line":40,"column":6},"end":{"line":40,"column":54}},"18":{"start":{"line":45,"column":30},"end":{"line":70,"column":1}},"19":{"start":{"line":46,"column":2},"end":{"line":69,"column":4}},"20":{"start":{"line":47,"column":4},"end":{"line":68,"column":5}},"21":{"start":{"line":48,"column":22},"end":{"line":48,"column":49}},"22":{"start":{"line":49,"column":22},"end":{"line":49,"column":43}},"23":{"start":{"line":51,"column":6},"end":{"line":64,"column":7}},"24":{"start":{"line":52,"column":25},"end":{"line":52,"column":39}},"25":{"start":{"line":53,"column":8},"end":{"line":61,"column":10}},"26":{"start":{"line":63,"column":8},"end":{"line":63,"column":66}},"27":{"start":{"line":66,"column":6},"end":{"line":66,"column":56}},"28":{"start":{"line":67,"column":6},"end":{"line":67,"column":54}}},"fnMap":{"0":{"name":"(anonymous_0)","decl":{"start":{"line":4,"column":39},"end":{"line":4,"column":40}},"loc":{"start":{"line":4,"column":53},"end":{"line":43,"column":1}},"line":4},"1":{"name":"(anonymous_1)","decl":{"start":{"line":5,"column":9},"end":{"line":5,"column":10}},"loc":{"start":{"line":5,"column":29},"end":{"line":42,"column":3}},"line":5},"2":{"name":"(anonymous_2)","decl":{"start":{"line":45,"column":30},"end":{"line":45,"column":31}},"loc":{"start":{"line":45,"column":42},"end":{"line":70,"column":1}},"line":45},"3":{"name":"(anonymous_3)","decl":{"start":{"line":46,"column":9},"end":{"line":46,"column":10}},"loc":{"start":{"line":46,"column":29},"end":{"line":69,"column":3}},"line":46}},"branchMap":{"0":{"loc":{"start":{"line":9,"column":6},"end":{"line":11,"column":7}},"type":"if","locations":[{"start":{"line":9,"column":6},"end":{"line":11,"column":7}},{"start":{},"end":{}}],"line":9},"1":{"loc":{"start":{"line":17,"column":6},"end":{"line":37,"column":7}},"type":"if","locations":[{"start":{"line":17,"column":6},"end":{"line":37,"column":7}},{"start":{"line":24,"column":13},"end":{"line":37,"column":7}}],"line":17},"2":{"loc":{"start":{"line":27,"column":17},"end":{"line":27,"column":28}},"type":"binary-expr","locations":[{"start":{"line":27,"column":17},"end":{"line":27,"column":22}},{"start":{"line":27,"column":26},"end":{"line":27,"column":28}}],"line":27},"3":{"loc":{"start":{"line":28,"column":23},"end":{"line":28,"column":47}},"type":"binary-expr","locations":[{"start":{"line":28,"column":23},"end":{"line":28,"column":34}},{"start":{"line":28,"column":38},"end":{"line":28,"column":47}}],"line":28},"4":{"loc":{"start":{"line":51,"column":6},"end":{"line":64,"column":7}},"type":"if","locations":[{"start":{"line":51,"column":6},"end":{"line":64,"column":7}},{"start":{"line":62,"column":13},"end":{"line":64,"column":7}}],"line":51},"5":{"loc":{"start":{"line":58,"column":27},"end":{"line":58,"column":81}},"type":"binary-expr","locations":[{"start":{"line":58,"column":27},"end":{"line":58,"column":73}},{"start":{"line":58,"column":77},"end":{"line":58,"column":81}}],"line":58},"6":{"loc":{"start":{"line":59,"column":28},"end":{"line":59,"column":83}},"type":"binary-expr","locations":[{"start":{"line":59,"column":28},"end":{"line":59,"column":75}},{"start":{"line":59,"column":79},"end":{"line":59,"column":83}}],"line":59}},"s":{"0":3,"1":0,"2":0,"3":0,"4":0,"5":0,"6":0,"7":0,"8":0,"9":0,"10":0,"11":0,"12":0,"13":0,"14":0,"15":0,"16":0,"17":0,"18":3,"19":0,"20":0,"21":0,"22":0,"23":0,"24":0,"25":0,"26":0,"27":0,"28":0},"f":{"0":0,"1":0,"2":0,"3":0},"b":{"0":[0,0],"1":[0,0],"2":[0,0],"3":[0,0],"4":[0,0],"5":[0,0],"6":[0,0]},"_coverageSchema":"1a1c01bbd47fc00a2c39e90264f33305004495a9","hash":"4cb41e7b030bf229c294a75643afb7d0c17e8ce4"}
}
