TN:
SF:src\components\AdminDashboard.jsx
FN:10,(anonymous_0)
FN:13,(anonymous_1)
FN:16,(anonymous_2)
FN:23,(anonymous_3)
FN:32,(anonymous_4)
FNF:5
FNH:5
FNDA:7,(anonymous_0)
FNDA:7,(anonymous_1)
FNDA:4,(anonymous_2)
FNDA:3,(anonymous_3)
FNDA:1,(anonymous_4)
DA:10,1
DA:11,7
DA:12,7
DA:13,7
DA:14,7
DA:16,7
DA:17,4
DA:18,1
DA:19,1
DA:23,3
DA:24,3
DA:25,3
DA:26,3
DA:29,3
DA:32,7
DA:33,1
DA:34,1
DA:37,7
DA:38,1
DA:41,6
LF:20
LH:20
BRDA:17,0,0,1
BRDA:17,0,1,3
BRDA:17,1,0,4
BRDA:17,1,1,3
BRDA:37,2,0,1
BRDA:37,2,1,6
BRDA:37,3,0,7
BRDA:37,3,1,6
BRDA:57,4,0,3
BRDA:57,4,1,3
BRF:10
BRH:10
end_of_record
TN:
SF:src\components\AdminRoute.jsx
FN:4,(anonymous_0)
FN:5,(anonymous_1)
FNF:2
FNH:2
FNDA:2,(anonymous_0)
FNDA:4,(anonymous_1)
DA:4,1
DA:5,4
DA:7,2
DA:8,1
DA:11,1
DA:12,0
DA:15,1
LF:7
LH:6
BRDA:7,0,0,1
BRDA:7,0,1,1
BRDA:11,1,0,0
BRDA:11,1,1,1
BRF:4
BRH:3
end_of_record
TN:
SF:src\components\AuthProvider.jsx
FN:7,(anonymous_0)
FN:11,(anonymous_1)
FN:14,(anonymous_2)
FN:29,(anonymous_3)
FNF:4
FNH:4
FNDA:7,(anonymous_0)
FNDA:4,(anonymous_1)
FNDA:3,(anonymous_2)
FNDA:4,(anonymous_3)
DA:7,1
DA:8,7
DA:9,7
DA:11,7
DA:12,4
DA:14,4
DA:15,3
DA:17,1
DA:24,2
DA:26,3
DA:29,4
DA:32,7
DA:33,4
DA:40,3
LF:14
LH:14
BRDA:15,0,0,1
BRDA:15,0,1,2
BRDA:20,1,0,1
BRDA:20,1,1,0
BRDA:32,2,0,4
BRDA:32,2,1,3
BRF:6
BRH:5
end_of_record
TN:
SF:src\components\Dashboard.jsx
FN:11,(anonymous_0)
FN:14,(anonymous_1)
FN:15,(anonymous_2)
FN:17,(anonymous_3)
FN:33,(anonymous_4)
FNF:5
FNH:5
FNDA:5,(anonymous_0)
FNDA:5,(anonymous_1)
FNDA:5,(anonymous_2)
FNDA:5,(anonymous_3)
FNDA:1,(anonymous_4)
DA:11,1
DA:12,5
DA:13,5
DA:14,5
DA:15,5
DA:17,5
DA:18,5
DA:19,1
DA:20,1
DA:23,4
DA:24,1
DA:25,1
DA:28,3
DA:29,2
DA:33,5
DA:34,1
DA:35,1
DA:38,5
DA:39,3
DA:42,2
LF:20
LH:20
BRDA:18,0,0,1
BRDA:18,0,1,4
BRDA:23,1,0,1
BRDA:23,1,1,3
BRDA:28,2,0,2
BRDA:28,2,1,1
BRDA:28,3,0,3
BRDA:28,3,1,2
BRDA:38,4,0,3
BRDA:38,4,1,2
BRDA:38,5,0,5
BRDA:38,5,1,3
BRF:12
BRH:12
end_of_record
TN:
SF:src\components\DetalleCDT.jsx
FN:7,(anonymous_0)
FN:10,(anonymous_1)
FN:11,(anonymous_2)
FN:17,(anonymous_3)
FN:18,(anonymous_4)
FN:21,(anonymous_5)
FN:49,(anonymous_6)
FN:57,(anonymous_7)
FN:84,(anonymous_8)
FN:108,(anonymous_9)
FN:180,(anonymous_10)
FN:187,(anonymous_11)
FNF:12
FNH:9
FNDA:15,(anonymous_0)
FNDA:15,(anonymous_1)
FNDA:15,(anonymous_2)
FNDA:11,(anonymous_3)
FNDA:11,(anonymous_4)
FNDA:4,(anonymous_5)
FNDA:10,(anonymous_6)
FNDA:6,(anonymous_7)
FNDA:1,(anonymous_8)
FNDA:0,(anonymous_9)
FNDA:0,(anonymous_10)
FNDA:0,(anonymous_11)
DA:7,1
DA:8,15
DA:9,15
DA:10,15
DA:11,15
DA:13,15
DA:14,15
DA:15,15
DA:17,15
DA:18,11
DA:19,11
DA:21,11
DA:24,11
DA:25,7
DA:26,7
DA:27,5
DA:28,3
DA:32,9
DA:33,7
DA:34,7
DA:36,2
DA:39,2
DA:40,2
DA:42,11
DA:46,11
DA:49,15
DA:50,10
DA:57,15
DA:58,6
DA:59,2
DA:60,2
DA:61,2
DA:69,0
DA:70,0
DA:74,15
DA:75,5
DA:78,10
DA:79,4
DA:84,1
DA:100,6
DA:108,0
DA:180,0
DA:187,0
LF:43
LH:38
BRDA:21,0,0,11
BRDA:21,0,1,0
BRDA:24,1,0,7
BRDA:24,1,1,4
BRDA:24,2,0,11
BRDA:24,2,1,7
BRDA:24,2,2,7
BRDA:27,3,0,3
BRDA:27,3,1,2
BRDA:32,4,0,7
BRDA:32,4,1,2
BRDA:40,5,0,2
BRDA:40,5,1,0
BRDA:54,6,0,10
BRDA:54,6,1,0
BRDA:58,7,0,4
BRDA:58,7,1,2
BRDA:60,8,0,0
BRDA:60,8,1,2
BRDA:74,9,0,5
BRDA:74,9,1,10
BRDA:78,10,0,4
BRDA:78,10,1,6
BRDA:78,11,0,10
BRDA:78,11,1,6
BRDA:81,12,0,4
BRDA:81,12,1,0
BRDA:134,13,0,6
BRDA:134,13,1,0
BRDA:145,14,0,6
BRDA:145,14,1,4
BRDA:145,14,2,2
BRDA:185,15,0,6
BRDA:185,15,1,2
BRDA:185,15,2,6
BRF:35
BRH:29
end_of_record
TN:
SF:src\components\Footer.jsx
FN:1,(anonymous_0)
FNF:1
FNH:1
FNDA:6,(anonymous_0)
DA:1,1
DA:2,6
LF:2
LH:2
BRF:0
BRH:0
end_of_record
TN:
SF:src\components\FormularioCDT.jsx
FN:8,(anonymous_0)
FN:11,(anonymous_1)
FN:12,(anonymous_2)
FN:26,(anonymous_3)
FN:39,(anonymous_4)
FN:42,(anonymous_5)
FN:43,(anonymous_6)
FN:45,(anonymous_7)
FN:49,(anonymous_8)
FN:52,(anonymous_9)
FN:61,(anonymous_10)
FN:70,(anonymous_11)
FN:90,(anonymous_12)
FN:100,(anonymous_13)
FN:113,(anonymous_14)
FN:138,(anonymous_15)
FNF:16
FNH:16
FNDA:92,(anonymous_0)
FNDA:116,(anonymous_1)
FNDA:116,(anonymous_2)
FNDA:24,(anonymous_3)
FNDA:31,(anonymous_4)
FNDA:21,(anonymous_5)
FNDA:10,(anonymous_6)
FNDA:21,(anonymous_7)
FNDA:276,(anonymous_8)
FNDA:50,(anonymous_9)
FNDA:8,(anonymous_10)
FNDA:8,(anonymous_11)
FNDA:2,(anonymous_12)
FNDA:2,(anonymous_13)
FNDA:92,(anonymous_14)
FNDA:368,(anonymous_15)
DA:8,1
DA:9,92
DA:10,92
DA:11,116
DA:12,116
DA:14,92
DA:16,92
DA:23,92
DA:24,92
DA:26,92
DA:27,24
DA:28,2
DA:35,22
DA:39,92
DA:40,31
DA:41,31
DA:42,21
DA:43,10
DA:45,21
DA:49,92
DA:50,276
DA:52,92
DA:53,50
DA:54,50
DA:55,50
DA:56,50
DA:57,50
DA:58,50
DA:61,92
DA:62,8
DA:63,8
DA:64,7
DA:65,6
DA:66,4
DA:67,3
DA:70,92
DA:71,8
DA:72,8
DA:73,8
DA:74,8
DA:76,3
DA:84,3
DA:88,3
DA:89,2
DA:90,2
DA:91,2
DA:92,2
DA:93,2
DA:96,1
DA:100,92
DA:101,2
DA:102,2
DA:105,92
DA:114,92
DA:139,368
LF:55
LH:55
BRDA:27,0,0,2
BRDA:27,0,1,22
BRDA:30,1,0,2
BRDA:30,1,1,0
BRDA:31,2,0,2
BRDA:31,2,1,0
BRDA:41,3,0,10
BRDA:41,3,1,21
BRDA:43,4,0,10
BRDA:43,4,1,0
BRDA:45,5,0,12
BRDA:45,5,1,9
BRDA:50,6,0,276
BRDA:50,6,1,189
BRDA:53,7,0,50
BRDA:53,7,1,27
BRDA:54,8,0,50
BRDA:54,8,1,37
BRDA:55,9,0,50
BRDA:55,9,1,37
BRDA:62,10,0,8
BRDA:62,10,1,2
BRDA:63,11,0,1
BRDA:63,11,1,7
BRDA:64,12,0,1
BRDA:64,12,1,6
BRDA:65,13,0,2
BRDA:65,13,1,4
BRDA:65,14,0,6
BRDA:65,14,1,6
BRDA:65,14,2,5
BRDA:66,15,0,1
BRDA:66,15,1,3
BRDA:74,16,0,5
BRDA:74,16,1,3
BRDA:80,17,0,3
BRDA:80,17,1,2
BRDA:84,18,0,1
BRDA:84,18,1,2
BRDA:88,19,0,2
BRDA:88,19,1,1
BRDA:89,20,0,1
BRDA:89,20,1,1
BRDA:96,21,0,1
BRDA:96,21,1,0
BRDA:162,22,0,22
BRDA:162,22,1,70
BRDA:172,23,0,22
BRDA:172,23,1,70
BRDA:182,24,0,92
BRDA:182,24,1,2
BRDA:183,25,0,92
BRDA:183,25,1,2
BRDA:189,26,0,7
BRDA:189,26,1,85
BRF:55
BRH:51
end_of_record
TN:
SF:src\components\InitAdmin.jsx
FN:5,(anonymous_0)
FN:10,(anonymous_1)
FN:29,(anonymous_2)
FN:86,(anonymous_3)
FNF:4
FNH:4
FNDA:17,(anonymous_0)
FNDA:2,(anonymous_1)
FNDA:3,(anonymous_2)
FNDA:2,(anonymous_3)
DA:5,1
DA:6,17
DA:7,17
DA:8,17
DA:10,17
DA:11,2
DA:12,2
DA:14,2
DA:16,2
DA:17,1
DA:23,1
DA:26,2
DA:29,17
DA:30,3
DA:32,3
DA:33,1
DA:34,1
DA:37,2
DA:38,2
DA:40,2
DA:42,2
DA:43,1
DA:44,1
DA:46,1
DA:49,2
DA:52,17
DA:86,2
DA:118,1
LF:28
LH:28
BRDA:16,0,0,1
BRDA:16,0,1,1
BRDA:32,1,0,1
BRDA:32,1,1,2
BRDA:42,2,0,1
BRDA:42,2,1,1
BRDA:46,3,0,1
BRDA:46,3,1,0
BRDA:70,4,0,4
BRDA:70,4,1,13
BRDA:95,5,0,4
BRDA:95,5,1,13
BRDA:100,6,0,17
BRDA:100,6,1,9
BRF:14
BRH:13
end_of_record
TN:
SF:src\components\ListaCDT.jsx
FN:7,(anonymous_0)
FN:10,(anonymous_1)
FN:11,(anonymous_2)
FN:17,(anonymous_3)
FN:21,(anonymous_4)
FN:28,(anonymous_5)
FN:41,(anonymous_6)
FN:51,(anonymous_7)
FN:56,(anonymous_8)
FN:61,(anonymous_9)
FN:69,(anonymous_10)
FN:70,(anonymous_11)
FN:84,(anonymous_12)
FN:89,(anonymous_13)
FN:92,(anonymous_14)
FN:121,(anonymous_15)
FN:136,(anonymous_16)
FN:153,(anonymous_17)
FN:170,(anonymous_18)
FNF:19
FNH:19
FNDA:15,(anonymous_0)
FNDA:15,(anonymous_1)
FNDA:15,(anonymous_2)
FNDA:11,(anonymous_3)
FNDA:23,(anonymous_4)
FNDA:23,(anonymous_5)
FNDA:23,(anonymous_6)
FNDA:2,(anonymous_7)
FNDA:2,(anonymous_8)
FNDA:3,(anonymous_9)
FNDA:28,(anonymous_10)
FNDA:25,(anonymous_11)
FNDA:2,(anonymous_12)
FNDA:2,(anonymous_13)
FNDA:90,(anonymous_14)
FNDA:23,(anonymous_15)
FNDA:2,(anonymous_16)
FNDA:2,(anonymous_17)
FNDA:3,(anonymous_18)
DA:7,2
DA:8,15
DA:9,15
DA:10,15
DA:11,15
DA:12,15
DA:13,15
DA:15,15
DA:17,15
DA:18,11
DA:21,15
DA:22,23
DA:28,15
DA:29,23
DA:30,18
DA:31,18
DA:32,18
DA:37,0
DA:41,15
DA:42,23
DA:51,15
DA:52,2
DA:53,2
DA:56,15
DA:57,2
DA:58,2
DA:61,15
DA:62,3
DA:63,3
DA:64,3
DA:68,15
DA:69,28
DA:71,25
DA:77,15
DA:84,2
DA:89,2
DA:93,90
DA:122,23
DA:136,2
DA:153,2
DA:170,3
LF:41
LH:40
BRDA:18,0,0,11
BRDA:18,0,1,0
BRDA:26,1,0,23
BRDA:26,1,1,0
BRDA:29,2,0,5
BRDA:29,2,1,18
BRDA:31,3,0,0
BRDA:31,3,1,18
BRDA:42,4,0,23
BRDA:42,4,1,0
BRDA:62,5,0,3
BRDA:62,5,1,0
BRDA:64,6,0,2
BRDA:64,6,1,1
BRDA:68,7,0,15
BRDA:68,7,1,0
BRDA:69,8,0,24
BRDA:69,8,1,4
BRDA:100,9,0,15
BRDA:100,9,1,0
BRDA:101,10,0,15
BRDA:101,10,1,2
BRDA:101,10,2,2
BRDA:107,11,0,15
BRDA:107,11,1,13
BRDA:125,12,0,11
BRDA:125,12,1,12
BRDA:127,13,0,23
BRDA:127,13,1,0
BRDA:151,14,0,23
BRDA:151,14,1,12
BRDA:151,14,2,11
BRDA:168,15,0,23
BRDA:168,15,1,11
BRF:34
BRH:26
end_of_record
TN:
SF:src\components\ProtectedRoute.jsx
FN:5,(anonymous_0)
FN:6,(anonymous_1)
FNF:2
FNH:2
FNDA:3,(anonymous_0)
FNDA:6,(anonymous_1)
DA:5,1
DA:6,6
DA:7,3
DA:8,3
LF:4
LH:4
BRDA:7,0,0,0
BRDA:7,0,1,3
BRF:2
BRH:1
end_of_record
TN:
SF:src\components\login.jsx
FN:7,(anonymous_0)
FN:10,(anonymous_1)
FN:22,(anonymous_2)
FN:28,(anonymous_3)
FN:41,(anonymous_4)
FN:60,(anonymous_5)
FN:75,(anonymous_6)
FNF:7
FNH:6
FNDA:18,(anonymous_0)
FNDA:0,(anonymous_1)
FNDA:7,(anonymous_2)
FNDA:6,(anonymous_3)
FNDA:4,(anonymous_4)
FNDA:4,(anonymous_5)
FNDA:1,(anonymous_6)
DA:7,1
DA:8,18
DA:9,18
DA:10,18
DA:12,18
DA:17,18
DA:18,18
DA:20,18
DA:22,18
DA:23,7
DA:24,1
DA:28,18
DA:29,6
DA:30,6
DA:35,6
DA:36,0
DA:38,6
DA:41,18
DA:42,4
DA:44,4
DA:45,1
DA:46,3
DA:47,1
DA:50,4
DA:51,1
DA:52,3
DA:53,1
DA:56,4
DA:57,4
DA:60,18
DA:61,4
DA:62,4
DA:64,4
DA:65,2
DA:68,2
DA:69,2
DA:71,1
DA:75,18
DA:76,1
DA:77,1
DA:79,0
DA:83,18
LF:42
LH:40
BRDA:23,0,0,1
BRDA:23,0,1,6
BRDA:35,1,0,0
BRDA:35,1,1,6
BRDA:44,2,0,1
BRDA:44,2,1,3
BRDA:46,3,0,1
BRDA:46,3,1,2
BRDA:50,4,0,1
BRDA:50,4,1,3
BRDA:52,5,0,1
BRDA:52,5,1,2
BRDA:64,6,0,2
BRDA:64,6,1,2
BRDA:89,7,0,18
BRDA:89,7,1,1
BRDA:103,8,0,2
BRDA:103,8,1,16
BRDA:105,9,0,18
BRDA:105,9,1,2
BRDA:121,10,0,2
BRDA:121,10,1,16
BRDA:123,11,0,18
BRDA:123,11,1,2
BRF:24
BRH:23
end_of_record
TN:
SF:src\components\registro.jsx
FN:6,(anonymous_0)
FN:9,(anonymous_1)
FN:22,(anonymous_2)
FN:28,(anonymous_3)
FN:40,(anonymous_4)
FN:71,(anonymous_5)
FNF:6
FNH:6
FNDA:16,(anonymous_0)
FNDA:21,(anonymous_1)
FNDA:5,(anonymous_2)
FNDA:8,(anonymous_3)
FNDA:3,(anonymous_4)
FNDA:3,(anonymous_5)
DA:6,1
DA:7,16
DA:8,16
DA:9,21
DA:11,16
DA:18,16
DA:20,16
DA:22,16
DA:23,5
DA:24,1
DA:28,16
DA:29,8
DA:30,8
DA:35,8
DA:36,0
DA:40,16
DA:41,3
DA:43,3
DA:44,1
DA:45,2
DA:46,0
DA:49,3
DA:50,1
DA:51,2
DA:52,0
DA:55,3
DA:56,1
DA:57,2
DA:58,0
DA:61,3
DA:62,1
DA:63,2
DA:64,1
DA:67,3
DA:68,3
DA:71,16
DA:72,3
DA:74,3
DA:75,2
DA:78,1
DA:81,16
LF:41
LH:37
BRDA:23,0,0,1
BRDA:23,0,1,4
BRDA:35,1,0,0
BRDA:35,1,1,8
BRDA:43,2,0,1
BRDA:43,2,1,2
BRDA:45,3,0,0
BRDA:45,3,1,2
BRDA:49,4,0,1
BRDA:49,4,1,2
BRDA:51,5,0,0
BRDA:51,5,1,2
BRDA:55,6,0,1
BRDA:55,6,1,2
BRDA:57,7,0,0
BRDA:57,7,1,2
BRDA:61,8,0,1
BRDA:61,8,1,2
BRDA:63,9,0,1
BRDA:63,9,1,1
BRDA:74,10,0,2
BRDA:74,10,1,1
BRDA:99,11,0,1
BRDA:99,11,1,15
BRDA:101,12,0,16
BRDA:101,12,1,1
BRDA:117,13,0,1
BRDA:117,13,1,15
BRDA:119,14,0,16
BRDA:119,14,1,1
BRDA:135,15,0,1
BRDA:135,15,1,15
BRDA:137,16,0,16
BRDA:137,16,1,1
BRDA:153,17,0,2
BRDA:153,17,1,14
BRDA:155,18,0,16
BRDA:155,18,1,2
BRF:38
BRH:34
end_of_record
TN:
SF:src\firebase\config.js
FNF:0
FNH:0
DA:6,3
DA:16,3
DA:18,3
DA:19,3
LF:4
LH:4
BRF:0
BRH:0
end_of_record
TN:
SF:src\store\slices\cdtSlice.ts
FN:37,(anonymous_0)
FN:42,(anonymous_1)
FN:47,(anonymous_2)
FN:49,(anonymous_3)
FN:60,(anonymous_4)
FN:62,(anonymous_5)
FN:67,(anonymous_6)
FN:70,(anonymous_7)
FN:73,(anonymous_8)
FN:76,(anonymous_9)
FN:80,(anonymous_10)
FN:83,(anonymous_11)
FNF:12
FNH:1
FNDA:0,(anonymous_0)
FNDA:0,(anonymous_1)
FNDA:0,(anonymous_2)
FNDA:0,(anonymous_3)
FNDA:0,(anonymous_4)
FNDA:0,(anonymous_5)
FNDA:0,(anonymous_6)
FNDA:4,(anonymous_7)
FNDA:0,(anonymous_8)
FNDA:0,(anonymous_9)
FNDA:0,(anonymous_10)
FNDA:0,(anonymous_11)
DA:25,5
DA:33,5
DA:38,0
DA:39,0
DA:40,0
DA:43,0
DA:44,0
DA:45,0
DA:48,0
DA:49,0
DA:51,0
DA:52,0
DA:57,0
DA:58,0
DA:61,0
DA:62,0
DA:64,0
DA:65,0
DA:68,0
DA:71,4
DA:74,0
DA:77,0
DA:78,0
DA:81,0
DA:84,0
DA:85,0
DA:86,0
DA:87,0
DA:88,0
DA:104,5
LF:30
LH:4
BRDA:51,0,0,0
BRDA:51,0,1,0
BRF:2
BRH:0
end_of_record
TN:
SF:src\store\thunks\cdtThunk.jsx
FN:12,(anonymous_0)
FN:13,(anonymous_1)
FN:95,(anonymous_2)
FN:96,(anonymous_3)
FN:153,(anonymous_4)
FN:154,(anonymous_5)
FN:177,(anonymous_6)
FN:178,(anonymous_7)
FN:189,(anonymous_8)
FN:211,(anonymous_9)
FN:212,(anonymous_10)
FN:226,(anonymous_11)
FNF:12
FNH:12
FNDA:1,(anonymous_0)
FNDA:1,(anonymous_1)
FNDA:2,(anonymous_2)
FNDA:2,(anonymous_3)
FNDA:2,(anonymous_4)
FNDA:2,(anonymous_5)
FNDA:1,(anonymous_6)
FNDA:1,(anonymous_7)
FNDA:1,(anonymous_8)
FNDA:1,(anonymous_9)
FNDA:1,(anonymous_10)
FNDA:1,(anonymous_11)
DA:12,3
DA:13,1
DA:14,1
DA:15,1
DA:16,1
DA:18,1
DA:19,1
DA:22,0
DA:24,0
DA:30,0
DA:31,0
DA:34,0
DA:36,0
DA:39,0
DA:40,0
DA:41,0
DA:43,0
DA:45,0
DA:46,0
DA:47,0
DA:48,0
DA:50,0
DA:53,0
DA:66,0
DA:68,0
DA:70,0
DA:72,0
DA:86,0
DA:88,1
DA:89,1
DA:90,1
DA:95,3
DA:96,2
DA:97,2
DA:98,2
DA:99,2
DA:101,2
DA:102,1
DA:105,1
DA:108,1
DA:109,1
DA:110,1
DA:112,1
DA:113,1
DA:114,1
DA:115,1
DA:117,1
DA:119,1
DA:129,1
DA:131,1
DA:133,1
DA:144,1
DA:146,1
DA:147,1
DA:148,1
DA:153,3
DA:154,2
DA:155,2
DA:156,2
DA:157,2
DA:159,2
DA:160,1
DA:163,1
DA:164,1
DA:166,1
DA:168,1
DA:170,1
DA:171,1
DA:172,1
DA:177,3
DA:178,1
DA:179,1
DA:180,1
DA:181,0
DA:184,1
DA:185,1
DA:187,1
DA:189,1
DA:190,1
DA:191,1
DA:200,1
DA:202,1
DA:204,0
DA:205,0
DA:206,0
DA:211,3
DA:212,1
DA:213,1
DA:214,1
DA:215,1
DA:217,1
DA:219,1
DA:220,1
DA:221,1
DA:223,1
DA:224,1
DA:226,1
DA:227,1
DA:228,1
DA:239,1
DA:241,1
DA:243,0
DA:244,0
DA:245,0
LF:104
LH:76
BRDA:18,0,0,1
BRDA:18,0,1,0
BRDA:30,1,0,0
BRDA:30,1,1,0
BRDA:39,2,0,0
BRDA:39,2,1,0
BRDA:40,3,0,0
BRDA:40,3,1,0
BRDA:41,4,0,0
BRDA:41,4,1,0
BRDA:57,5,0,0
BRDA:57,5,1,0
BRDA:75,6,0,0
BRDA:75,6,1,0
BRDA:79,7,0,0
BRDA:79,7,1,0
BRDA:89,8,0,1
BRDA:89,8,1,0
BRDA:101,9,0,1
BRDA:101,9,1,1
BRDA:108,10,0,1
BRDA:108,10,1,0
BRDA:109,11,0,1
BRDA:109,11,1,0
BRDA:110,12,0,1
BRDA:110,12,1,0
BRDA:147,13,0,1
BRDA:147,13,1,0
BRDA:159,14,0,1
BRDA:159,14,1,1
BRDA:171,15,0,1
BRDA:171,15,1,0
BRDA:180,16,0,0
BRDA:180,16,1,1
BRDA:195,17,0,1
BRDA:195,17,1,0
BRDA:196,18,0,1
BRDA:196,18,1,0
BRDA:205,19,0,0
BRDA:205,19,1,0
BRDA:232,20,0,1
BRDA:232,20,1,0
BRDA:233,21,0,1
BRDA:233,21,1,0
BRDA:234,22,0,1
BRDA:234,22,1,0
BRDA:244,23,0,0
BRDA:244,23,1,0
BRF:48
BRH:17
end_of_record
TN:
SF:src\store\thunks\userThunk.jsx
FN:4,(anonymous_0)
FN:5,(anonymous_1)
FN:45,(anonymous_2)
FN:46,(anonymous_3)
FNF:4
FNH:0
FNDA:0,(anonymous_0)
FNDA:0,(anonymous_1)
FNDA:0,(anonymous_2)
FNDA:0,(anonymous_3)
DA:4,2
DA:5,0
DA:6,0
DA:7,0
DA:9,0
DA:10,0
DA:13,0
DA:15,0
DA:17,0
DA:18,0
DA:22,0
DA:23,0
DA:25,0
DA:33,0
DA:35,0
DA:36,0
DA:39,0
DA:40,0
DA:45,2
DA:46,0
DA:47,0
DA:48,0
DA:49,0
DA:51,0
DA:52,0
DA:53,0
DA:63,0
DA:66,0
DA:67,0
LF:29
LH:2
BRDA:9,0,0,0
BRDA:9,0,1,0
BRDA:17,1,0,0
BRDA:17,1,1,0
BRDA:27,2,0,0
BRDA:27,2,1,0
BRDA:28,3,0,0
BRDA:28,3,1,0
BRDA:51,4,0,0
BRDA:51,4,1,0
BRDA:58,5,0,0
BRDA:58,5,1,0
BRDA:59,6,0,0
BRDA:59,6,1,0
BRF:14
BRH:0
end_of_record
