TN:
SF:src\firebase\config.js
FNF:0
FNH:0
DA:6,1
DA:16,1
DA:18,1
DA:19,1
LF:4
LH:4
BRF:0
BRH:0
end_of_record
TN:
SF:src\store\thunks\cdtThunk.jsx
FN:12,(anonymous_0)
FN:13,(anonymous_1)
FN:95,(anonymous_2)
FN:96,(anonymous_3)
FN:153,(anonymous_4)
FN:154,(anonymous_5)
FN:177,(anonymous_6)
FN:178,(anonymous_7)
FN:189,(anonymous_8)
FN:211,(anonymous_9)
FN:212,(anonymous_10)
FN:226,(anonymous_11)
FNF:12
FNH:12
FNDA:1,(anonymous_0)
FNDA:1,(anonymous_1)
FNDA:2,(anonymous_2)
FNDA:2,(anonymous_3)
FNDA:2,(anonymous_4)
FNDA:2,(anonymous_5)
FNDA:1,(anonymous_6)
FNDA:1,(anonymous_7)
FNDA:1,(anonymous_8)
FNDA:1,(anonymous_9)
FNDA:1,(anonymous_10)
FNDA:1,(anonymous_11)
DA:12,1
DA:13,1
DA:14,1
DA:15,1
DA:16,1
DA:18,1
DA:19,1
DA:22,0
DA:24,0
DA:30,0
DA:31,0
DA:34,0
DA:36,0
DA:39,0
DA:40,0
DA:41,0
DA:43,0
DA:45,0
DA:46,0
DA:47,0
DA:48,0
DA:50,0
DA:53,0
DA:66,0
DA:68,0
DA:70,0
DA:72,0
DA:86,0
DA:88,1
DA:89,1
DA:90,1
DA:95,1
DA:96,2
DA:97,2
DA:98,2
DA:99,2
DA:101,2
DA:102,1
DA:105,1
DA:108,1
DA:109,1
DA:110,1
DA:112,1
DA:113,1
DA:114,1
DA:115,1
DA:117,1
DA:119,1
DA:129,1
DA:131,1
DA:133,1
DA:144,1
DA:146,1
DA:147,1
DA:148,1
DA:153,1
DA:154,2
DA:155,2
DA:156,2
DA:157,2
DA:159,2
DA:160,1
DA:163,1
DA:164,1
DA:166,1
DA:168,1
DA:170,1
DA:171,1
DA:172,1
DA:177,1
DA:178,1
DA:179,1
DA:180,1
DA:181,0
DA:184,1
DA:185,1
DA:187,1
DA:189,1
DA:190,1
DA:191,1
DA:200,1
DA:202,1
DA:204,0
DA:205,0
DA:206,0
DA:211,1
DA:212,1
DA:213,1
DA:214,1
DA:215,1
DA:217,1
DA:219,1
DA:220,1
DA:221,1
DA:223,1
DA:224,1
DA:226,1
DA:227,1
DA:228,1
DA:239,1
DA:241,1
DA:243,0
DA:244,0
DA:245,0
LF:104
LH:76
BRDA:18,0,0,1
BRDA:18,0,1,0
BRDA:30,1,0,0
BRDA:30,1,1,0
BRDA:39,2,0,0
BRDA:39,2,1,0
BRDA:40,3,0,0
BRDA:40,3,1,0
BRDA:41,4,0,0
BRDA:41,4,1,0
BRDA:57,5,0,0
BRDA:57,5,1,0
BRDA:75,6,0,0
BRDA:75,6,1,0
BRDA:79,7,0,0
BRDA:79,7,1,0
BRDA:89,8,0,1
BRDA:89,8,1,0
BRDA:101,9,0,1
BRDA:101,9,1,1
BRDA:108,10,0,1
BRDA:108,10,1,0
BRDA:109,11,0,1
BRDA:109,11,1,0
BRDA:110,12,0,1
BRDA:110,12,1,0
BRDA:147,13,0,1
BRDA:147,13,1,0
BRDA:159,14,0,1
BRDA:159,14,1,1
BRDA:171,15,0,1
BRDA:171,15,1,0
BRDA:180,16,0,0
BRDA:180,16,1,1
BRDA:195,17,0,1
BRDA:195,17,1,0
BRDA:196,18,0,1
BRDA:196,18,1,0
BRDA:205,19,0,0
BRDA:205,19,1,0
BRDA:232,20,0,1
BRDA:232,20,1,0
BRDA:233,21,0,1
BRDA:233,21,1,0
BRDA:234,22,0,1
BRDA:234,22,1,0
BRDA:244,23,0,0
BRDA:244,23,1,0
BRF:48
BRH:17
end_of_record
